[28-May-2025 14:18:11 America/Bogota] PHP Fatal error:  Uncaught Error: Typed static property App\Controllers\BaseController::$request must not be accessed before initialization in C:\wamp64\www\MarcCaloriesBackend\app\Controllers\UsuarioController.php:9
Stack trace:
#0 [internal function]: App\Controllers\UsuarioController::save(Object(App\Config\Http\Request), Object(App\Config\Http\Response))
#1 C:\wamp64\www\MarcCaloriesBackend\app\Config\Http\Router.php(55): call_user_func(Array, Object(App\Config\Http\Request), Object(App\Config\Http\Response))
#2 C:\wamp64\www\MarcCaloriesBackend\app\Config\App.php(28): App\Config\Http\Router->resolver()
#3 C:\wamp64\www\MarcCaloriesBackend\index.php(7): App\Config\App::initConfig()
#4 {main}
  thrown in C:\wamp64\www\MarcCaloriesBackend\app\Controllers\UsuarioController.php on line 9
[28-May-2025 14:37:08 America/Bogota] PHP Fatal error:  Uncaught TypeError: App\Config\Http\Router::registrar(): Argument #3 ($callback) must be of type callable, array given, called in C:\wamp64\www\MarcCaloriesBackend\app\Routes\UsuarioRoute.php on line 13 and defined in C:\wamp64\www\MarcCaloriesBackend\app\Config\Http\Router.php:42
Stack trace:
#0 C:\wamp64\www\MarcCaloriesBackend\app\Routes\UsuarioRoute.php(13): App\Config\Http\Router->registrar('usuario/save', 'POST', Array)
#1 C:\wamp64\www\MarcCaloriesBackend\app\Config\Http\Router.php(37): App\Routes\UsuarioRoute::registrar(Object(App\Config\Http\Router))
#2 C:\wamp64\www\MarcCaloriesBackend\app\Config\Http\Router.php(16): App\Config\Http\Router->loadSubrutas()
#3 C:\wamp64\www\MarcCaloriesBackend\app\Config\App.php(25): App\Config\Http\Router->__construct('usuario/save', 'POST')
#4 C:\wamp64\www\MarcCaloriesBackend\index.php(7): App\Config\App::initConfig()
#5 {main}
  thrown in C:\wamp64\www\MarcCaloriesBackend\app\Config\Http\Router.php on line 42
[28-May-2025 14:42:57 America/Bogota] PHP Fatal error:  Uncaught TypeError: App\Config\Http\Router::registrar(): Argument #3 ($callback) must be of type callable, array given, called in C:\wamp64\www\MarcCaloriesBackend\app\Routes\UsuarioRoute.php on line 13 and defined in C:\wamp64\www\MarcCaloriesBackend\app\Config\Http\Router.php:42
Stack trace:
#0 C:\wamp64\www\MarcCaloriesBackend\app\Routes\UsuarioRoute.php(13): App\Config\Http\Router->registrar('usuario/save', 'POST', Array)
#1 C:\wamp64\www\MarcCaloriesBackend\app\Config\Http\Router.php(37): App\Routes\UsuarioRoute::registrar(Object(App\Config\Http\Router))
#2 C:\wamp64\www\MarcCaloriesBackend\app\Config\Http\Router.php(16): App\Config\Http\Router->loadSubrutas()
#3 C:\wamp64\www\MarcCaloriesBackend\app\Config\App.php(25): App\Config\Http\Router->__construct('usuario/save', 'POST')
#4 C:\wamp64\www\MarcCaloriesBackend\index.php(7): App\Config\App::initConfig()
#5 {main}
  thrown in C:\wamp64\www\MarcCaloriesBackend\app\Config\Http\Router.php on line 42
[28-May-2025 14:45:43 America/Bogota] PHP Fatal error:  Uncaught ArgumentCountError: Too few arguments to function App\Controllers\UsuarioController::save(), 0 passed and exactly 1 expected in C:\wamp64\www\MarcCaloriesBackend\app\Controllers\UsuarioController.php:7
Stack trace:
#0 [internal function]: App\Controllers\UsuarioController->save()
#1 C:\wamp64\www\MarcCaloriesBackend\app\Config\Http\Router.php(74): call_user_func(Array)
#2 C:\wamp64\www\MarcCaloriesBackend\app\Config\App.php(28): App\Config\Http\Router->resolver()
#3 C:\wamp64\www\MarcCaloriesBackend\index.php(7): App\Config\App::initConfig()
#4 {main}
  thrown in C:\wamp64\www\MarcCaloriesBackend\app\Controllers\UsuarioController.php on line 7
[28-May-2025 14:46:29 America/Bogota] PHP Fatal error:  Uncaught ArgumentCountError: Too few arguments to function App\Controllers\UsuarioController::save(), 0 passed and exactly 2 expected in C:\wamp64\www\MarcCaloriesBackend\app\Controllers\UsuarioController.php:7
Stack trace:
#0 [internal function]: App\Controllers\UsuarioController->save()
#1 C:\wamp64\www\MarcCaloriesBackend\app\Config\Http\Router.php(74): call_user_func(Array)
#2 C:\wamp64\www\MarcCaloriesBackend\app\Config\App.php(28): App\Config\Http\Router->resolver()
#3 C:\wamp64\www\MarcCaloriesBackend\index.php(7): App\Config\App::initConfig()
#4 {main}
  thrown in C:\wamp64\www\MarcCaloriesBackend\app\Controllers\UsuarioController.php on line 7
[28-May-2025 14:47:31 America/Bogota] PHP Fatal error:  Uncaught ArgumentCountError: Too few arguments to function App\Controllers\UsuarioController::save(), 0 passed and exactly 1 expected in C:\wamp64\www\MarcCaloriesBackend\app\Controllers\UsuarioController.php:9
Stack trace:
#0 [internal function]: App\Controllers\UsuarioController->save()
#1 C:\wamp64\www\MarcCaloriesBackend\app\Config\Http\Router.php(74): call_user_func(Array)
#2 C:\wamp64\www\MarcCaloriesBackend\app\Config\App.php(28): App\Config\Http\Router->resolver()
#3 C:\wamp64\www\MarcCaloriesBackend\index.php(7): App\Config\App::initConfig()
#4 {main}
  thrown in C:\wamp64\www\MarcCaloriesBackend\app\Controllers\UsuarioController.php on line 9
[28-May-2025 14:48:32 America/Bogota] PHP Fatal error:  Uncaught ArgumentCountError: Too few arguments to function App\Controllers\UsuarioController::save(), 0 passed and exactly 2 expected in C:\wamp64\www\MarcCaloriesBackend\app\Controllers\UsuarioController.php:9
Stack trace:
#0 [internal function]: App\Controllers\UsuarioController->save()
#1 C:\wamp64\www\MarcCaloriesBackend\app\Config\Http\Router.php(74): call_user_func(Array)
#2 C:\wamp64\www\MarcCaloriesBackend\app\Config\App.php(28): App\Config\Http\Router->resolver()
#3 C:\wamp64\www\MarcCaloriesBackend\index.php(7): App\Config\App::initConfig()
#4 {main}
  thrown in C:\wamp64\www\MarcCaloriesBackend\app\Controllers\UsuarioController.php on line 9
[28-May-2025 15:01:56 America/Bogota] PHP Fatal error:  Uncaught ArgumentCountError: Too few arguments to function App\Controllers\UsuarioController::save(), 0 passed in C:\wamp64\www\MarcCaloriesBackend\app\Config\Http\Router.php on line 71 and exactly 1 expected in C:\wamp64\www\MarcCaloriesBackend\app\Controllers\UsuarioController.php:9
Stack trace:
#0 C:\wamp64\www\MarcCaloriesBackend\app\Config\Http\Router.php(71): App\Controllers\UsuarioController->save()
#1 C:\wamp64\www\MarcCaloriesBackend\app\Config\App.php(28): App\Config\Http\Router->resolver()
#2 C:\wamp64\www\MarcCaloriesBackend\index.php(7): App\Config\App::initConfig()
#3 {main}
  thrown in C:\wamp64\www\MarcCaloriesBackend\app\Controllers\UsuarioController.php on line 9
[28-May-2025 15:08:15 America/Bogota] PHP Fatal error:  Uncaught TypeError: App\Controllers\UsuarioController::save(): Argument #1 ($request) must be of type App\Config\Http\Response, App\Config\Http\Request given, called in C:\wamp64\www\MarcCaloriesBackend\app\Config\Http\Router.php on line 70 and defined in C:\wamp64\www\MarcCaloriesBackend\app\Controllers\UsuarioController.php:9
Stack trace:
#0 C:\wamp64\www\MarcCaloriesBackend\app\Config\Http\Router.php(70): App\Controllers\UsuarioController->save(Object(App\Config\Http\Request))
#1 C:\wamp64\www\MarcCaloriesBackend\app\Config\App.php(28): App\Config\Http\Router->resolver()
#2 C:\wamp64\www\MarcCaloriesBackend\index.php(7): App\Config\App::initConfig()
#3 {main}
  thrown in C:\wamp64\www\MarcCaloriesBackend\app\Controllers\UsuarioController.php on line 9
[28-May-2025 15:08:54 America/Bogota] PHP Fatal error:  Uncaught TypeError: App\Controllers\UsuarioController::save(): Argument #1 ($request) must be of type App\Config\Http\Response, App\Config\Http\Request given, called in C:\wamp64\www\MarcCaloriesBackend\app\Config\Http\Router.php on line 70 and defined in C:\wamp64\www\MarcCaloriesBackend\app\Controllers\UsuarioController.php:9
Stack trace:
#0 C:\wamp64\www\MarcCaloriesBackend\app\Config\Http\Router.php(70): App\Controllers\UsuarioController->save(Object(App\Config\Http\Request))
#1 C:\wamp64\www\MarcCaloriesBackend\app\Config\App.php(28): App\Config\Http\Router->resolver()
#2 C:\wamp64\www\MarcCaloriesBackend\index.php(7): App\Config\App::initConfig()
#3 {main}
  thrown in C:\wamp64\www\MarcCaloriesBackend\app\Controllers\UsuarioController.php on line 9
[28-May-2025 15:11:27 America/Bogota] PHP Fatal error:  Uncaught TypeError: App\Controllers\UsuarioController::save(): Argument #1 ($request) must be of type App\Config\Http\Response, App\Config\Http\Request given, called in C:\wamp64\www\MarcCaloriesBackend\app\Config\Http\Router.php on line 70 and defined in C:\wamp64\www\MarcCaloriesBackend\app\Controllers\UsuarioController.php:9
Stack trace:
#0 C:\wamp64\www\MarcCaloriesBackend\app\Config\Http\Router.php(70): App\Controllers\UsuarioController->save(Object(App\Config\Http\Request))
#1 C:\wamp64\www\MarcCaloriesBackend\app\Config\App.php(28): App\Config\Http\Router->resolver()
#2 C:\wamp64\www\MarcCaloriesBackend\index.php(7): App\Config\App::initConfig()
#3 {main}
  thrown in C:\wamp64\www\MarcCaloriesBackend\app\Controllers\UsuarioController.php on line 9
[28-May-2025 15:12:46 America/Bogota] PHP Fatal error:  Uncaught TypeError: App\Controllers\UsuarioController::save(): Argument #1 ($request) must be of type App\Config\Http\Response, App\Config\Http\Request given, called in C:\wamp64\www\MarcCaloriesBackend\app\Config\Http\Router.php on line 70 and defined in C:\wamp64\www\MarcCaloriesBackend\app\Controllers\UsuarioController.php:9
Stack trace:
#0 C:\wamp64\www\MarcCaloriesBackend\app\Config\Http\Router.php(70): App\Controllers\UsuarioController->save(Object(App\Config\Http\Request))
#1 C:\wamp64\www\MarcCaloriesBackend\app\Config\App.php(28): App\Config\Http\Router->resolver()
#2 C:\wamp64\www\MarcCaloriesBackend\index.php(7): App\Config\App::initConfig()
#3 {main}
  thrown in C:\wamp64\www\MarcCaloriesBackend\app\Controllers\UsuarioController.php on line 9
[28-May-2025 19:41:33 America/Bogota] PHP Deprecated:  str_replace(): Passing null to parameter #2 ($replace) of type array|string is deprecated in C:\wamp64\www\MarcCaloriesBackend\app\Config\Http\Validation.php on line 64
[28-May-2025 19:41:33 America/Bogota] PHP Stack trace:
[28-May-2025 19:41:33 America/Bogota] PHP   1. {main}() C:\wamp64\www\MarcCaloriesBackend\index.php:0
[28-May-2025 19:41:33 America/Bogota] PHP   2. App\Config\App::initConfig() C:\wamp64\www\MarcCaloriesBackend\index.php:7
[28-May-2025 19:41:33 America/Bogota] PHP   3. App\Config\Http\Router->resolver() C:\wamp64\www\MarcCaloriesBackend\app\Config\App.php:28
[28-May-2025 19:41:33 America/Bogota] PHP   4. call_user_func_array:{C:\wamp64\www\MarcCaloriesBackend\app\Config\Http\Router.php:70}($callback = [0 => class App\Controllers\UsuarioController { protected App\Config\Http\Request $request = class App\Config\Http\Request { ... }; protected App\Config\Http\Response $response = class App\Config\Http\Response { ... }; protected App\Config\Http\Validation $validation = class App\Config\Http\Validation { ... } }, 1 => 'save'], $args = [0 => class App\Config\Http\Request { public string $method = 'POST'; public array $query = [...]; public array $body = [...]; public array $files = [...] }]) C:\wamp64\www\MarcCaloriesBackend\app\Config\Http\Router.php:70
[28-May-2025 19:41:33 America/Bogota] PHP   5. App\Controllers\UsuarioController->save($request = class App\Config\Http\Request { public string $method = 'POST'; public array $query = ['route' => 'api/usuario/save']; public array $body = ['usuario_email' => 'mcerquera@marcsoft.com.co']; public array $files = [] }) C:\wamp64\www\MarcCaloriesBackend\app\Config\Http\Router.php:70
[28-May-2025 19:41:33 America/Bogota] PHP   6. App\Config\Http\Validation->validate($request = class App\Config\Http\Request { public string $method = 'POST'; public array $query = ['route' => 'api/usuario/save']; public array $body = ['usuario_email' => 'mcerquera@marcsoft.com.co']; public array $files = [] }, $rules = [0 => 'usuario_email|required']) C:\wamp64\www\MarcCaloriesBackend\app\Controllers\UsuarioController.php:11
[28-May-2025 19:41:33 America/Bogota] PHP   7. App\Config\Http\Validation->validateRule($rule = 'required', $field = 0, $values = ['value' => NULL, 'param' => NULL]) C:\wamp64\www\MarcCaloriesBackend\app\Config\Http\Validation.php:43
[28-May-2025 19:41:33 America/Bogota] PHP   8. str_replace($search = ':param', $replace = NULL, $subject = 'Este campo es obligatorio') C:\wamp64\www\MarcCaloriesBackend\app\Config\Http\Validation.php:64
[28-May-2025 21:01:13 America/Bogota] PHP Deprecated:  str_replace(): Passing null to parameter #2 ($replace) of type array|string is deprecated in C:\wamp64\www\MarcCaloriesBackend\app\Config\Http\Validation.php on line 64
[28-May-2025 21:01:13 America/Bogota] PHP Stack trace:
[28-May-2025 21:01:13 America/Bogota] PHP   1. {main}() C:\wamp64\www\MarcCaloriesBackend\index.php:0
[28-May-2025 21:01:13 America/Bogota] PHP   2. App\Config\App::initConfig() C:\wamp64\www\MarcCaloriesBackend\index.php:7
[28-May-2025 21:01:13 America/Bogota] PHP   3. App\Config\Http\Router->resolver() C:\wamp64\www\MarcCaloriesBackend\app\Config\App.php:28
[28-May-2025 21:01:13 America/Bogota] PHP   4. call_user_func_array:{C:\wamp64\www\MarcCaloriesBackend\app\Config\Http\Router.php:70}($callback = [0 => class App\Controllers\UsuarioController { protected App\Config\Http\Request $request = class App\Config\Http\Request { ... }; protected App\Config\Http\Response $response = class App\Config\Http\Response { ... }; protected App\Config\Http\Validation $validation = class App\Config\Http\Validation { ... } }, 1 => 'save'], $args = [0 => class App\Config\Http\Request { public string $method = 'POST'; public array $query = [...]; public array $body = [...]; public array $files = [...] }]) C:\wamp64\www\MarcCaloriesBackend\app\Config\Http\Router.php:70
[28-May-2025 21:01:13 America/Bogota] PHP   5. App\Controllers\UsuarioController->save($request = class App\Config\Http\Request { public string $method = 'POST'; public array $query = ['route' => 'api/usuario/save']; public array $body = ['usuari_email' => 'mcerquera@marcsoft.com.co']; public array $files = [] }) C:\wamp64\www\MarcCaloriesBackend\app\Config\Http\Router.php:70
[28-May-2025 21:01:13 America/Bogota] PHP   6. App\Config\Http\Validation->validate($request = class App\Config\Http\Request { public string $method = 'POST'; public array $query = ['route' => 'api/usuario/save']; public array $body = ['usuari_email' => 'mcerquera@marcsoft.com.co']; public array $files = [] }, $rules = ['usuario_email' => 'required']) C:\wamp64\www\MarcCaloriesBackend\app\Controllers\UsuarioController.php:11
[28-May-2025 21:01:13 America/Bogota] PHP   7. App\Config\Http\Validation->validateRule($rule = 'required', $field = 'usuario_email', $values = ['value' => NULL, 'param' => NULL]) C:\wamp64\www\MarcCaloriesBackend\app\Config\Http\Validation.php:43
[28-May-2025 21:01:13 America/Bogota] PHP   8. str_replace($search = ':param', $replace = NULL, $subject = 'Este campo es obligatorio') C:\wamp64\www\MarcCaloriesBackend\app\Config\Http\Validation.php:64
[28-May-2025 21:13:29 America/Bogota] PHP Deprecated:  str_replace(): Passing null to parameter #2 ($replace) of type array|string is deprecated in C:\wamp64\www\MarcCaloriesBackend\app\Config\Http\Validation.php on line 64
[28-May-2025 21:13:29 America/Bogota] PHP Stack trace:
[28-May-2025 21:13:29 America/Bogota] PHP   1. {main}() C:\wamp64\www\MarcCaloriesBackend\index.php:0
[28-May-2025 21:13:29 America/Bogota] PHP   2. App\Config\App::initConfig() C:\wamp64\www\MarcCaloriesBackend\index.php:7
[28-May-2025 21:13:29 America/Bogota] PHP   3. App\Config\Http\Router->resolver() C:\wamp64\www\MarcCaloriesBackend\app\Config\App.php:28
[28-May-2025 21:13:29 America/Bogota] PHP   4. call_user_func_array:{C:\wamp64\www\MarcCaloriesBackend\app\Config\Http\Router.php:70}($callback = [0 => class App\Controllers\UsuarioController { protected App\Config\Http\Request $request = class App\Config\Http\Request { ... }; protected App\Config\Http\Response $response = class App\Config\Http\Response { ... }; protected App\Config\Http\Validation $validation = class App\Config\Http\Validation { ... } }, 1 => 'save'], $args = [0 => class App\Config\Http\Request { public string $method = 'POST'; public array $query = [...]; public array $body = [...]; public array $files = [...] }]) C:\wamp64\www\MarcCaloriesBackend\app\Config\Http\Router.php:70
[28-May-2025 21:13:29 America/Bogota] PHP   5. App\Controllers\UsuarioController->save($request = class App\Config\Http\Request { public string $method = 'POST'; public array $query = ['route' => 'api/usuario/save']; public array $body = ['usuari_email' => 'mcerquera@marcsoft.com.co']; public array $files = [] }) C:\wamp64\www\MarcCaloriesBackend\app\Config\Http\Router.php:70
[28-May-2025 21:13:29 America/Bogota] PHP   6. App\Config\Http\Validation->validate($request = class App\Config\Http\Request { public string $method = 'POST'; public array $query = ['route' => 'api/usuario/save']; public array $body = ['usuari_email' => 'mcerquera@marcsoft.com.co']; public array $files = [] }, $rules = ['usuario_perfil' => 'required|numeric', 'usuario_email' => 'required']) C:\wamp64\www\MarcCaloriesBackend\app\Controllers\UsuarioController.php:11
[28-May-2025 21:13:29 America/Bogota] PHP   7. App\Config\Http\Validation->validateRule($rule = 'required', $field = 'usuario_perfil', $values = ['value' => NULL, 'param' => NULL]) C:\wamp64\www\MarcCaloriesBackend\app\Config\Http\Validation.php:42
[28-May-2025 21:13:29 America/Bogota] PHP   8. str_replace($search = ':param', $replace = NULL, $subject = 'Este campo es obligatorio') C:\wamp64\www\MarcCaloriesBackend\app\Config\Http\Validation.php:64
[28-May-2025 21:21:16 America/Bogota] PHP Deprecated:  str_replace(): Passing null to parameter #2 ($replace) of type array|string is deprecated in C:\wamp64\www\MarcCaloriesBackend\app\Config\Http\Validation.php on line 76
[28-May-2025 21:21:16 America/Bogota] PHP Stack trace:
[28-May-2025 21:21:16 America/Bogota] PHP   1. {main}() C:\wamp64\www\MarcCaloriesBackend\index.php:0
[28-May-2025 21:21:16 America/Bogota] PHP   2. App\Config\App::initConfig() C:\wamp64\www\MarcCaloriesBackend\index.php:7
[28-May-2025 21:21:16 America/Bogota] PHP   3. App\Config\Http\Router->resolver() C:\wamp64\www\MarcCaloriesBackend\app\Config\App.php:28
[28-May-2025 21:21:16 America/Bogota] PHP   4. call_user_func_array:{C:\wamp64\www\MarcCaloriesBackend\app\Config\Http\Router.php:70}($callback = [0 => class App\Controllers\UsuarioController { protected App\Config\Http\Request $request = class App\Config\Http\Request { ... }; protected App\Config\Http\Response $response = class App\Config\Http\Response { ... }; protected App\Config\Http\Validation $validation = class App\Config\Http\Validation { ... } }, 1 => 'save'], $args = [0 => class App\Config\Http\Request { public string $method = 'POST'; public array $query = [...]; public array $body = [...]; public array $files = [...] }]) C:\wamp64\www\MarcCaloriesBackend\app\Config\Http\Router.php:70
[28-May-2025 21:21:16 America/Bogota] PHP   5. App\Controllers\UsuarioController->save($request = class App\Config\Http\Request { public string $method = 'POST'; public array $query = ['route' => 'api/usuario/save']; public array $body = ['usuari_email' => 'mcerquera@marcsoft.com.co']; public array $files = [] }) C:\wamp64\www\MarcCaloriesBackend\app\Config\Http\Router.php:70
[28-May-2025 21:21:16 America/Bogota] PHP   6. App\Config\Http\Validation->validate($request = class App\Config\Http\Request { public string $method = 'POST'; public array $query = ['route' => 'api/usuario/save']; public array $body = ['usuari_email' => 'mcerquera@marcsoft.com.co']; public array $files = [] }, $rules = ['usuario_perfil' => 'required|numeric', 'usuario_email' => 'required|valid_email']) C:\wamp64\www\MarcCaloriesBackend\app\Controllers\UsuarioController.php:11
[28-May-2025 21:21:16 America/Bogota] PHP   7. App\Config\Http\Validation->validateRule($rule = 'required', $field = 'usuario_perfil', $values = ['value' => NULL, 'param' => NULL]) C:\wamp64\www\MarcCaloriesBackend\app\Config\Http\Validation.php:54
[28-May-2025 21:21:16 America/Bogota] PHP   8. str_replace($search = ':param', $replace = NULL, $subject = 'Este campo es obligatorio') C:\wamp64\www\MarcCaloriesBackend\app\Config\Http\Validation.php:76
[28-May-2025 21:21:16 America/Bogota] PHP Deprecated:  str_replace(): Passing null to parameter #2 ($replace) of type array|string is deprecated in C:\wamp64\www\MarcCaloriesBackend\app\Config\Http\Validation.php on line 76
[28-May-2025 21:21:16 America/Bogota] PHP Stack trace:
[28-May-2025 21:21:16 America/Bogota] PHP   1. {main}() C:\wamp64\www\MarcCaloriesBackend\index.php:0
[28-May-2025 21:21:16 America/Bogota] PHP   2. App\Config\App::initConfig() C:\wamp64\www\MarcCaloriesBackend\index.php:7
[28-May-2025 21:21:16 America/Bogota] PHP   3. App\Config\Http\Router->resolver() C:\wamp64\www\MarcCaloriesBackend\app\Config\App.php:28
[28-May-2025 21:21:16 America/Bogota] PHP   4. call_user_func_array:{C:\wamp64\www\MarcCaloriesBackend\app\Config\Http\Router.php:70}($callback = [0 => class App\Controllers\UsuarioController { protected App\Config\Http\Request $request = class App\Config\Http\Request { ... }; protected App\Config\Http\Response $response = class App\Config\Http\Response { ... }; protected App\Config\Http\Validation $validation = class App\Config\Http\Validation { ... } }, 1 => 'save'], $args = [0 => class App\Config\Http\Request { public string $method = 'POST'; public array $query = [...]; public array $body = [...]; public array $files = [...] }]) C:\wamp64\www\MarcCaloriesBackend\app\Config\Http\Router.php:70
[28-May-2025 21:21:16 America/Bogota] PHP   5. App\Controllers\UsuarioController->save($request = class App\Config\Http\Request { public string $method = 'POST'; public array $query = ['route' => 'api/usuario/save']; public array $body = ['usuari_email' => 'mcerquera@marcsoft.com.co']; public array $files = [] }) C:\wamp64\www\MarcCaloriesBackend\app\Config\Http\Router.php:70
[28-May-2025 21:21:16 America/Bogota] PHP   6. App\Config\Http\Validation->validate($request = class App\Config\Http\Request { public string $method = 'POST'; public array $query = ['route' => 'api/usuario/save']; public array $body = ['usuari_email' => 'mcerquera@marcsoft.com.co']; public array $files = [] }, $rules = ['usuario_perfil' => 'required|numeric', 'usuario_email' => 'required|valid_email']) C:\wamp64\www\MarcCaloriesBackend\app\Controllers\UsuarioController.php:11
[28-May-2025 21:21:16 America/Bogota] PHP   7. App\Config\Http\Validation->validateRule($rule = 'required', $field = 'usuario_email', $values = ['value' => NULL, 'param' => NULL]) C:\wamp64\www\MarcCaloriesBackend\app\Config\Http\Validation.php:54
[28-May-2025 21:21:16 America/Bogota] PHP   8. str_replace($search = ':param', $replace = NULL, $subject = 'Este campo es obligatorio') C:\wamp64\www\MarcCaloriesBackend\app\Config\Http\Validation.php:76
[28-May-2025 21:21:37 America/Bogota] PHP Deprecated:  str_replace(): Passing null to parameter #2 ($replace) of type array|string is deprecated in C:\wamp64\www\MarcCaloriesBackend\app\Config\Http\Validation.php on line 76
[28-May-2025 21:21:37 America/Bogota] PHP Stack trace:
[28-May-2025 21:21:37 America/Bogota] PHP   1. {main}() C:\wamp64\www\MarcCaloriesBackend\index.php:0
[28-May-2025 21:21:37 America/Bogota] PHP   2. App\Config\App::initConfig() C:\wamp64\www\MarcCaloriesBackend\index.php:7
[28-May-2025 21:21:37 America/Bogota] PHP   3. App\Config\Http\Router->resolver() C:\wamp64\www\MarcCaloriesBackend\app\Config\App.php:28
[28-May-2025 21:21:37 America/Bogota] PHP   4. call_user_func_array:{C:\wamp64\www\MarcCaloriesBackend\app\Config\Http\Router.php:70}($callback = [0 => class App\Controllers\UsuarioController { protected App\Config\Http\Request $request = class App\Config\Http\Request { ... }; protected App\Config\Http\Response $response = class App\Config\Http\Response { ... }; protected App\Config\Http\Validation $validation = class App\Config\Http\Validation { ... } }, 1 => 'save'], $args = [0 => class App\Config\Http\Request { public string $method = 'POST'; public array $query = [...]; public array $body = [...]; public array $files = [...] }]) C:\wamp64\www\MarcCaloriesBackend\app\Config\Http\Router.php:70
[28-May-2025 21:21:37 America/Bogota] PHP   5. App\Controllers\UsuarioController->save($request = class App\Config\Http\Request { public string $method = 'POST'; public array $query = ['route' => 'api/usuario/save']; public array $body = ['usuario_email' => 'mcerquera@marcsoft.com.co']; public array $files = [] }) C:\wamp64\www\MarcCaloriesBackend\app\Config\Http\Router.php:70
[28-May-2025 21:21:37 America/Bogota] PHP   6. App\Config\Http\Validation->validate($request = class App\Config\Http\Request { public string $method = 'POST'; public array $query = ['route' => 'api/usuario/save']; public array $body = ['usuario_email' => 'mcerquera@marcsoft.com.co']; public array $files = [] }, $rules = ['usuario_perfil' => 'required|numeric', 'usuario_email' => 'required|valid_email']) C:\wamp64\www\MarcCaloriesBackend\app\Controllers\UsuarioController.php:11
[28-May-2025 21:21:37 America/Bogota] PHP   7. App\Config\Http\Validation->validateRule($rule = 'required', $field = 'usuario_perfil', $values = ['value' => NULL, 'param' => NULL]) C:\wamp64\www\MarcCaloriesBackend\app\Config\Http\Validation.php:54
[28-May-2025 21:21:37 America/Bogota] PHP   8. str_replace($search = ':param', $replace = NULL, $subject = 'Este campo es obligatorio') C:\wamp64\www\MarcCaloriesBackend\app\Config\Http\Validation.php:76
[28-May-2025 21:21:37 America/Bogota] PHP Deprecated:  str_replace(): Passing null to parameter #2 ($replace) of type array|string is deprecated in C:\wamp64\www\MarcCaloriesBackend\app\Config\Http\Validation.php on line 76
[28-May-2025 21:21:37 America/Bogota] PHP Stack trace:
[28-May-2025 21:21:37 America/Bogota] PHP   1. {main}() C:\wamp64\www\MarcCaloriesBackend\index.php:0
[28-May-2025 21:21:37 America/Bogota] PHP   2. App\Config\App::initConfig() C:\wamp64\www\MarcCaloriesBackend\index.php:7
[28-May-2025 21:21:37 America/Bogota] PHP   3. App\Config\Http\Router->resolver() C:\wamp64\www\MarcCaloriesBackend\app\Config\App.php:28
[28-May-2025 21:21:37 America/Bogota] PHP   4. call_user_func_array:{C:\wamp64\www\MarcCaloriesBackend\app\Config\Http\Router.php:70}($callback = [0 => class App\Controllers\UsuarioController { protected App\Config\Http\Request $request = class App\Config\Http\Request { ... }; protected App\Config\Http\Response $response = class App\Config\Http\Response { ... }; protected App\Config\Http\Validation $validation = class App\Config\Http\Validation { ... } }, 1 => 'save'], $args = [0 => class App\Config\Http\Request { public string $method = 'POST'; public array $query = [...]; public array $body = [...]; public array $files = [...] }]) C:\wamp64\www\MarcCaloriesBackend\app\Config\Http\Router.php:70
[28-May-2025 21:21:37 America/Bogota] PHP   5. App\Controllers\UsuarioController->save($request = class App\Config\Http\Request { public string $method = 'POST'; public array $query = ['route' => 'api/usuario/save']; public array $body = ['usuario_email' => 'mcerquera@marcsoft.com.co']; public array $files = [] }) C:\wamp64\www\MarcCaloriesBackend\app\Config\Http\Router.php:70
[28-May-2025 21:21:37 America/Bogota] PHP   6. App\Config\Http\Validation->validate($request = class App\Config\Http\Request { public string $method = 'POST'; public array $query = ['route' => 'api/usuario/save']; public array $body = ['usuario_email' => 'mcerquera@marcsoft.com.co']; public array $files = [] }, $rules = ['usuario_perfil' => 'required|numeric', 'usuario_email' => 'required|valid_email']) C:\wamp64\www\MarcCaloriesBackend\app\Controllers\UsuarioController.php:11
[28-May-2025 21:21:37 America/Bogota] PHP   7. App\Config\Http\Validation->validateRule($rule = 'valid_email', $field = 'usuario_email', $values = ['value' => 'mcerquera@marcsoft.com.co', 'param' => NULL]) C:\wamp64\www\MarcCaloriesBackend\app\Config\Http\Validation.php:54
[28-May-2025 21:21:37 America/Bogota] PHP   8. str_replace($search = ':param', $replace = NULL, $subject = 'Debe ser un correo electr칩nico v치lido') C:\wamp64\www\MarcCaloriesBackend\app\Config\Http\Validation.php:76
[28-May-2025 21:26:24 America/Bogota] PHP Deprecated:  str_replace(): Passing null to parameter #2 ($replace) of type array|string is deprecated in C:\wamp64\www\MarcCaloriesBackend\app\Config\Http\Validation.php on line 76
[28-May-2025 21:26:24 America/Bogota] PHP Stack trace:
[28-May-2025 21:26:24 America/Bogota] PHP   1. {main}() C:\wamp64\www\MarcCaloriesBackend\index.php:0
[28-May-2025 21:26:24 America/Bogota] PHP   2. App\Config\App::initConfig() C:\wamp64\www\MarcCaloriesBackend\index.php:7
[28-May-2025 21:26:24 America/Bogota] PHP   3. App\Config\Http\Router->resolver() C:\wamp64\www\MarcCaloriesBackend\app\Config\App.php:28
[28-May-2025 21:26:24 America/Bogota] PHP   4. call_user_func_array:{C:\wamp64\www\MarcCaloriesBackend\app\Config\Http\Router.php:70}($callback = [0 => class App\Controllers\UsuarioController { protected App\Config\Http\Request $request = class App\Config\Http\Request { ... }; protected App\Config\Http\Response $response = class App\Config\Http\Response { ... }; protected App\Config\Http\Validation $validation = class App\Config\Http\Validation { ... } }, 1 => 'save'], $args = [0 => class App\Config\Http\Request { public string $method = 'POST'; public array $query = [...]; public array $body = [...]; public array $files = [...] }]) C:\wamp64\www\MarcCaloriesBackend\app\Config\Http\Router.php:70
[28-May-2025 21:26:24 America/Bogota] PHP   5. App\Controllers\UsuarioController->save($request = class App\Config\Http\Request { public string $method = 'POST'; public array $query = ['route' => 'api/usuario/save']; public array $body = ['usuario_email' => 'mcerquera@marcsoft.com.co']; public array $files = [] }) C:\wamp64\www\MarcCaloriesBackend\app\Config\Http\Router.php:70
[28-May-2025 21:26:24 America/Bogota] PHP   6. App\Config\Http\Validation->validate($request = class App\Config\Http\Request { public string $method = 'POST'; public array $query = ['route' => 'api/usuario/save']; public array $body = ['usuario_email' => 'mcerquera@marcsoft.com.co']; public array $files = [] }, $rules = ['usuario_perfil' => 'required|numeric', 'usuario_email' => 'required|valid_email']) C:\wamp64\www\MarcCaloriesBackend\app\Controllers\UsuarioController.php:11
[28-May-2025 21:26:24 America/Bogota] PHP   7. App\Config\Http\Validation->validateRule($rule = 'required', $field = 'usuario_perfil', $values = ['value' => NULL, 'param' => NULL]) C:\wamp64\www\MarcCaloriesBackend\app\Config\Http\Validation.php:54
[28-May-2025 21:26:24 America/Bogota] PHP   8. str_replace($search = ':param', $replace = NULL, $subject = 'Este campo es obligatorio') C:\wamp64\www\MarcCaloriesBackend\app\Config\Http\Validation.php:76
[28-May-2025 21:26:32 America/Bogota] PHP Deprecated:  str_replace(): Passing null to parameter #2 ($replace) of type array|string is deprecated in C:\wamp64\www\MarcCaloriesBackend\app\Config\Http\Validation.php on line 76
[28-May-2025 21:26:32 America/Bogota] PHP Stack trace:
[28-May-2025 21:26:32 America/Bogota] PHP   1. {main}() C:\wamp64\www\MarcCaloriesBackend\index.php:0
[28-May-2025 21:26:32 America/Bogota] PHP   2. App\Config\App::initConfig() C:\wamp64\www\MarcCaloriesBackend\index.php:7
[28-May-2025 21:26:32 America/Bogota] PHP   3. App\Config\Http\Router->resolver() C:\wamp64\www\MarcCaloriesBackend\app\Config\App.php:28
[28-May-2025 21:26:32 America/Bogota] PHP   4. call_user_func_array:{C:\wamp64\www\MarcCaloriesBackend\app\Config\Http\Router.php:70}($callback = [0 => class App\Controllers\UsuarioController { protected App\Config\Http\Request $request = class App\Config\Http\Request { ... }; protected App\Config\Http\Response $response = class App\Config\Http\Response { ... }; protected App\Config\Http\Validation $validation = class App\Config\Http\Validation { ... } }, 1 => 'save'], $args = [0 => class App\Config\Http\Request { public string $method = 'POST'; public array $query = [...]; public array $body = [...]; public array $files = [...] }]) C:\wamp64\www\MarcCaloriesBackend\app\Config\Http\Router.php:70
[28-May-2025 21:26:32 America/Bogota] PHP   5. App\Controllers\UsuarioController->save($request = class App\Config\Http\Request { public string $method = 'POST'; public array $query = ['route' => 'api/usuario/save']; public array $body = ['usuario_email' => 'mcerqueramarcsoft.com.co']; public array $files = [] }) C:\wamp64\www\MarcCaloriesBackend\app\Config\Http\Router.php:70
[28-May-2025 21:26:32 America/Bogota] PHP   6. App\Config\Http\Validation->validate($request = class App\Config\Http\Request { public string $method = 'POST'; public array $query = ['route' => 'api/usuario/save']; public array $body = ['usuario_email' => 'mcerqueramarcsoft.com.co']; public array $files = [] }, $rules = ['usuario_perfil' => 'required|numeric', 'usuario_email' => 'required|valid_email']) C:\wamp64\www\MarcCaloriesBackend\app\Controllers\UsuarioController.php:11
[28-May-2025 21:26:32 America/Bogota] PHP   7. App\Config\Http\Validation->validateRule($rule = 'required', $field = 'usuario_perfil', $values = ['value' => NULL, 'param' => NULL]) C:\wamp64\www\MarcCaloriesBackend\app\Config\Http\Validation.php:54
[28-May-2025 21:26:32 America/Bogota] PHP   8. str_replace($search = ':param', $replace = NULL, $subject = 'Este campo es obligatorio') C:\wamp64\www\MarcCaloriesBackend\app\Config\Http\Validation.php:76
[28-May-2025 21:26:32 America/Bogota] PHP Deprecated:  str_replace(): Passing null to parameter #2 ($replace) of type array|string is deprecated in C:\wamp64\www\MarcCaloriesBackend\app\Config\Http\Validation.php on line 76
[28-May-2025 21:26:32 America/Bogota] PHP Stack trace:
[28-May-2025 21:26:32 America/Bogota] PHP   1. {main}() C:\wamp64\www\MarcCaloriesBackend\index.php:0
[28-May-2025 21:26:32 America/Bogota] PHP   2. App\Config\App::initConfig() C:\wamp64\www\MarcCaloriesBackend\index.php:7
[28-May-2025 21:26:32 America/Bogota] PHP   3. App\Config\Http\Router->resolver() C:\wamp64\www\MarcCaloriesBackend\app\Config\App.php:28
[28-May-2025 21:26:32 America/Bogota] PHP   4. call_user_func_array:{C:\wamp64\www\MarcCaloriesBackend\app\Config\Http\Router.php:70}($callback = [0 => class App\Controllers\UsuarioController { protected App\Config\Http\Request $request = class App\Config\Http\Request { ... }; protected App\Config\Http\Response $response = class App\Config\Http\Response { ... }; protected App\Config\Http\Validation $validation = class App\Config\Http\Validation { ... } }, 1 => 'save'], $args = [0 => class App\Config\Http\Request { public string $method = 'POST'; public array $query = [...]; public array $body = [...]; public array $files = [...] }]) C:\wamp64\www\MarcCaloriesBackend\app\Config\Http\Router.php:70
[28-May-2025 21:26:32 America/Bogota] PHP   5. App\Controllers\UsuarioController->save($request = class App\Config\Http\Request { public string $method = 'POST'; public array $query = ['route' => 'api/usuario/save']; public array $body = ['usuario_email' => 'mcerqueramarcsoft.com.co']; public array $files = [] }) C:\wamp64\www\MarcCaloriesBackend\app\Config\Http\Router.php:70
[28-May-2025 21:26:32 America/Bogota] PHP   6. App\Config\Http\Validation->validate($request = class App\Config\Http\Request { public string $method = 'POST'; public array $query = ['route' => 'api/usuario/save']; public array $body = ['usuario_email' => 'mcerqueramarcsoft.com.co']; public array $files = [] }, $rules = ['usuario_perfil' => 'required|numeric', 'usuario_email' => 'required|valid_email']) C:\wamp64\www\MarcCaloriesBackend\app\Controllers\UsuarioController.php:11
[28-May-2025 21:26:32 America/Bogota] PHP   7. App\Config\Http\Validation->validateRule($rule = 'valid_email', $field = 'usuario_email', $values = ['value' => 'mcerqueramarcsoft.com.co', 'param' => NULL]) C:\wamp64\www\MarcCaloriesBackend\app\Config\Http\Validation.php:54
[28-May-2025 21:26:32 America/Bogota] PHP   8. str_replace($search = ':param', $replace = NULL, $subject = 'Debe ser un correo electr칩nico v치lido') C:\wamp64\www\MarcCaloriesBackend\app\Config\Http\Validation.php:76
[28-May-2025 21:28:00 America/Bogota] PHP Deprecated:  str_replace(): Passing null to parameter #2 ($replace) of type array|string is deprecated in C:\wamp64\www\MarcCaloriesBackend\app\Config\Http\Validation.php on line 76
[28-May-2025 21:28:00 America/Bogota] PHP Stack trace:
[28-May-2025 21:28:00 America/Bogota] PHP   1. {main}() C:\wamp64\www\MarcCaloriesBackend\index.php:0
[28-May-2025 21:28:00 America/Bogota] PHP   2. App\Config\App::initConfig() C:\wamp64\www\MarcCaloriesBackend\index.php:7
[28-May-2025 21:28:00 America/Bogota] PHP   3. App\Config\Http\Router->resolver() C:\wamp64\www\MarcCaloriesBackend\app\Config\App.php:28
[28-May-2025 21:28:00 America/Bogota] PHP   4. call_user_func_array:{C:\wamp64\www\MarcCaloriesBackend\app\Config\Http\Router.php:70}($callback = [0 => class App\Controllers\UsuarioController { protected App\Config\Http\Request $request = class App\Config\Http\Request { ... }; protected App\Config\Http\Response $response = class App\Config\Http\Response { ... }; protected App\Config\Http\Validation $validation = class App\Config\Http\Validation { ... } }, 1 => 'save'], $args = [0 => class App\Config\Http\Request { public string $method = 'POST'; public array $query = [...]; public array $body = [...]; public array $files = [...] }]) C:\wamp64\www\MarcCaloriesBackend\app\Config\Http\Router.php:70
[28-May-2025 21:28:00 America/Bogota] PHP   5. App\Controllers\UsuarioController->save($request = class App\Config\Http\Request { public string $method = 'POST'; public array $query = ['route' => 'api/usuario/save']; public array $body = ['usuario_perfil' => '1', 'usuario_email' => 'mcerquera@marcsoft.com.co']; public array $files = [] }) C:\wamp64\www\MarcCaloriesBackend\app\Config\Http\Router.php:70
[28-May-2025 21:28:00 America/Bogota] PHP   6. App\Config\Http\Validation->validate($request = class App\Config\Http\Request { public string $method = 'POST'; public array $query = ['route' => 'api/usuario/save']; public array $body = ['usuario_perfil' => '1', 'usuario_email' => 'mcerquera@marcsoft.com.co']; public array $files = [] }, $rules = ['usuario_perfil' => 'required|numeric', 'usuario_email' => 'required|valid_email']) C:\wamp64\www\MarcCaloriesBackend\app\Controllers\UsuarioController.php:11
[28-May-2025 21:28:00 America/Bogota] PHP   7. App\Config\Http\Validation->validateRule($rule = 'numeric', $field = 'usuario_perfil', $values = ['value' => '1', 'param' => NULL]) C:\wamp64\www\MarcCaloriesBackend\app\Config\Http\Validation.php:54
[28-May-2025 21:28:00 America/Bogota] PHP   8. str_replace($search = ':param', $replace = NULL, $subject = 'Debe ser un dato numerico') C:\wamp64\www\MarcCaloriesBackend\app\Config\Http\Validation.php:76
[28-May-2025 21:28:24 America/Bogota] PHP Deprecated:  str_replace(): Passing null to parameter #2 ($replace) of type array|string is deprecated in C:\wamp64\www\MarcCaloriesBackend\app\Config\Http\Validation.php on line 76
[28-May-2025 21:28:24 America/Bogota] PHP Stack trace:
[28-May-2025 21:28:24 America/Bogota] PHP   1. {main}() C:\wamp64\www\MarcCaloriesBackend\index.php:0
[28-May-2025 21:28:24 America/Bogota] PHP   2. App\Config\App::initConfig() C:\wamp64\www\MarcCaloriesBackend\index.php:7
[28-May-2025 21:28:24 America/Bogota] PHP   3. App\Config\Http\Router->resolver() C:\wamp64\www\MarcCaloriesBackend\app\Config\App.php:28
[28-May-2025 21:28:24 America/Bogota] PHP   4. call_user_func_array:{C:\wamp64\www\MarcCaloriesBackend\app\Config\Http\Router.php:70}($callback = [0 => class App\Controllers\UsuarioController { protected App\Config\Http\Request $request = class App\Config\Http\Request { ... }; protected App\Config\Http\Response $response = class App\Config\Http\Response { ... }; protected App\Config\Http\Validation $validation = class App\Config\Http\Validation { ... } }, 1 => 'save'], $args = [0 => class App\Config\Http\Request { public string $method = 'POST'; public array $query = [...]; public array $body = [...]; public array $files = [...] }]) C:\wamp64\www\MarcCaloriesBackend\app\Config\Http\Router.php:70
[28-May-2025 21:28:24 America/Bogota] PHP   5. App\Controllers\UsuarioController->save($request = class App\Config\Http\Request { public string $method = 'POST'; public array $query = ['route' => 'api/usuario/save']; public array $body = ['usuario_perfil' => '1A', 'usuario_email' => 'mcerquera@marcsoft.com.co']; public array $files = [] }) C:\wamp64\www\MarcCaloriesBackend\app\Config\Http\Router.php:70
[28-May-2025 21:28:24 America/Bogota] PHP   6. App\Config\Http\Validation->validate($request = class App\Config\Http\Request { public string $method = 'POST'; public array $query = ['route' => 'api/usuario/save']; public array $body = ['usuario_perfil' => '1A', 'usuario_email' => 'mcerquera@marcsoft.com.co']; public array $files = [] }, $rules = ['usuario_perfil' => 'required|numeric', 'usuario_email' => 'required|valid_email']) C:\wamp64\www\MarcCaloriesBackend\app\Controllers\UsuarioController.php:11
[28-May-2025 21:28:24 America/Bogota] PHP   7. App\Config\Http\Validation->validateRule($rule = 'numeric', $field = 'usuario_perfil', $values = ['value' => '1A', 'param' => NULL]) C:\wamp64\www\MarcCaloriesBackend\app\Config\Http\Validation.php:54
[28-May-2025 21:28:24 America/Bogota] PHP   8. str_replace($search = ':param', $replace = NULL, $subject = 'Debe ser un dato numerico') C:\wamp64\www\MarcCaloriesBackend\app\Config\Http\Validation.php:76
[28-May-2025 21:29:46 America/Bogota] PHP Deprecated:  str_replace(): Passing null to parameter #2 ($replace) of type array|string is deprecated in C:\wamp64\www\MarcCaloriesBackend\app\Config\Http\Validation.php on line 76
[28-May-2025 21:29:46 America/Bogota] PHP Stack trace:
[28-May-2025 21:29:46 America/Bogota] PHP   1. {main}() C:\wamp64\www\MarcCaloriesBackend\index.php:0
[28-May-2025 21:29:46 America/Bogota] PHP   2. App\Config\App::initConfig() C:\wamp64\www\MarcCaloriesBackend\index.php:7
[28-May-2025 21:29:46 America/Bogota] PHP   3. App\Config\Http\Router->resolver() C:\wamp64\www\MarcCaloriesBackend\app\Config\App.php:28
[28-May-2025 21:29:46 America/Bogota] PHP   4. call_user_func_array:{C:\wamp64\www\MarcCaloriesBackend\app\Config\Http\Router.php:70}($callback = [0 => class App\Controllers\UsuarioController { protected App\Config\Http\Request $request = class App\Config\Http\Request { ... }; protected App\Config\Http\Response $response = class App\Config\Http\Response { ... }; protected App\Config\Http\Validation $validation = class App\Config\Http\Validation { ... } }, 1 => 'save'], $args = [0 => class App\Config\Http\Request { public string $method = 'POST'; public array $query = [...]; public array $body = [...]; public array $files = [...] }]) C:\wamp64\www\MarcCaloriesBackend\app\Config\Http\Router.php:70
[28-May-2025 21:29:46 America/Bogota] PHP   5. App\Controllers\UsuarioController->save($request = class App\Config\Http\Request { public string $method = 'POST'; public array $query = ['route' => 'api/usuario/save']; public array $body = ['usuario_perfil' => NULL, 'usuario_email' => 'mcerquera@marcsoft.com.co']; public array $files = [] }) C:\wamp64\www\MarcCaloriesBackend\app\Config\Http\Router.php:70
[28-May-2025 21:29:46 America/Bogota] PHP   6. App\Config\Http\Validation->validate($request = class App\Config\Http\Request { public string $method = 'POST'; public array $query = ['route' => 'api/usuario/save']; public array $body = ['usuario_perfil' => NULL, 'usuario_email' => 'mcerquera@marcsoft.com.co']; public array $files = [] }, $rules = ['usuario_perfil' => 'required|numeric', 'usuario_email' => 'required|valid_email']) C:\wamp64\www\MarcCaloriesBackend\app\Controllers\UsuarioController.php:11
[28-May-2025 21:29:46 America/Bogota] PHP   7. App\Config\Http\Validation->validateRule($rule = 'required', $field = 'usuario_perfil', $values = ['value' => NULL, 'param' => NULL]) C:\wamp64\www\MarcCaloriesBackend\app\Config\Http\Validation.php:54
[28-May-2025 21:29:46 America/Bogota] PHP   8. str_replace($search = ':param', $replace = NULL, $subject = 'Este campo es obligatorio') C:\wamp64\www\MarcCaloriesBackend\app\Config\Http\Validation.php:76
[28-May-2025 21:29:46 America/Bogota] PHP Deprecated:  str_replace(): Passing null to parameter #2 ($replace) of type array|string is deprecated in C:\wamp64\www\MarcCaloriesBackend\app\Config\Http\Validation.php on line 76
[28-May-2025 21:29:46 America/Bogota] PHP Stack trace:
[28-May-2025 21:29:46 America/Bogota] PHP   1. {main}() C:\wamp64\www\MarcCaloriesBackend\index.php:0
[28-May-2025 21:29:46 America/Bogota] PHP   2. App\Config\App::initConfig() C:\wamp64\www\MarcCaloriesBackend\index.php:7
[28-May-2025 21:29:46 America/Bogota] PHP   3. App\Config\Http\Router->resolver() C:\wamp64\www\MarcCaloriesBackend\app\Config\App.php:28
[28-May-2025 21:29:46 America/Bogota] PHP   4. call_user_func_array:{C:\wamp64\www\MarcCaloriesBackend\app\Config\Http\Router.php:70}($callback = [0 => class App\Controllers\UsuarioController { protected App\Config\Http\Request $request = class App\Config\Http\Request { ... }; protected App\Config\Http\Response $response = class App\Config\Http\Response { ... }; protected App\Config\Http\Validation $validation = class App\Config\Http\Validation { ... } }, 1 => 'save'], $args = [0 => class App\Config\Http\Request { public string $method = 'POST'; public array $query = [...]; public array $body = [...]; public array $files = [...] }]) C:\wamp64\www\MarcCaloriesBackend\app\Config\Http\Router.php:70
[28-May-2025 21:29:46 America/Bogota] PHP   5. App\Controllers\UsuarioController->save($request = class App\Config\Http\Request { public string $method = 'POST'; public array $query = ['route' => 'api/usuario/save']; public array $body = ['usuario_perfil' => NULL, 'usuario_email' => 'mcerquera@marcsoft.com.co']; public array $files = [] }) C:\wamp64\www\MarcCaloriesBackend\app\Config\Http\Router.php:70
[28-May-2025 21:29:46 America/Bogota] PHP   6. App\Config\Http\Validation->validate($request = class App\Config\Http\Request { public string $method = 'POST'; public array $query = ['route' => 'api/usuario/save']; public array $body = ['usuario_perfil' => NULL, 'usuario_email' => 'mcerquera@marcsoft.com.co']; public array $files = [] }, $rules = ['usuario_perfil' => 'required|numeric', 'usuario_email' => 'required|valid_email']) C:\wamp64\www\MarcCaloriesBackend\app\Controllers\UsuarioController.php:11
[28-May-2025 21:29:46 America/Bogota] PHP   7. App\Config\Http\Validation->validateRule($rule = 'numeric', $field = 'usuario_perfil', $values = ['value' => NULL, 'param' => NULL]) C:\wamp64\www\MarcCaloriesBackend\app\Config\Http\Validation.php:54
[28-May-2025 21:29:46 America/Bogota] PHP   8. str_replace($search = ':param', $replace = NULL, $subject = 'Debe ser un dato numerico') C:\wamp64\www\MarcCaloriesBackend\app\Config\Http\Validation.php:76
[28-May-2025 21:29:56 America/Bogota] PHP Deprecated:  str_replace(): Passing null to parameter #2 ($replace) of type array|string is deprecated in C:\wamp64\www\MarcCaloriesBackend\app\Config\Http\Validation.php on line 76
[28-May-2025 21:29:56 America/Bogota] PHP Stack trace:
[28-May-2025 21:29:56 America/Bogota] PHP   1. {main}() C:\wamp64\www\MarcCaloriesBackend\index.php:0
[28-May-2025 21:29:56 America/Bogota] PHP   2. App\Config\App::initConfig() C:\wamp64\www\MarcCaloriesBackend\index.php:7
[28-May-2025 21:29:56 America/Bogota] PHP   3. App\Config\Http\Router->resolver() C:\wamp64\www\MarcCaloriesBackend\app\Config\App.php:28
[28-May-2025 21:29:56 America/Bogota] PHP   4. call_user_func_array:{C:\wamp64\www\MarcCaloriesBackend\app\Config\Http\Router.php:70}($callback = [0 => class App\Controllers\UsuarioController { protected App\Config\Http\Request $request = class App\Config\Http\Request { ... }; protected App\Config\Http\Response $response = class App\Config\Http\Response { ... }; protected App\Config\Http\Validation $validation = class App\Config\Http\Validation { ... } }, 1 => 'save'], $args = [0 => class App\Config\Http\Request { public string $method = 'POST'; public array $query = [...]; public array $body = [...]; public array $files = [...] }]) C:\wamp64\www\MarcCaloriesBackend\app\Config\Http\Router.php:70
[28-May-2025 21:29:56 America/Bogota] PHP   5. App\Controllers\UsuarioController->save($request = class App\Config\Http\Request { public string $method = 'POST'; public array $query = ['route' => 'api/usuario/save']; public array $body = ['usuario_email' => 'mcerquera@marcsoft.com.co']; public array $files = [] }) C:\wamp64\www\MarcCaloriesBackend\app\Config\Http\Router.php:70
[28-May-2025 21:29:56 America/Bogota] PHP   6. App\Config\Http\Validation->validate($request = class App\Config\Http\Request { public string $method = 'POST'; public array $query = ['route' => 'api/usuario/save']; public array $body = ['usuario_email' => 'mcerquera@marcsoft.com.co']; public array $files = [] }, $rules = ['usuario_perfil' => 'required|numeric', 'usuario_email' => 'required|valid_email']) C:\wamp64\www\MarcCaloriesBackend\app\Controllers\UsuarioController.php:11
[28-May-2025 21:29:56 America/Bogota] PHP   7. App\Config\Http\Validation->validateRule($rule = 'required', $field = 'usuario_perfil', $values = ['value' => NULL, 'param' => NULL]) C:\wamp64\www\MarcCaloriesBackend\app\Config\Http\Validation.php:54
[28-May-2025 21:29:56 America/Bogota] PHP   8. str_replace($search = ':param', $replace = NULL, $subject = 'Este campo es obligatorio') C:\wamp64\www\MarcCaloriesBackend\app\Config\Http\Validation.php:76
[28-May-2025 21:29:56 America/Bogota] PHP Deprecated:  str_replace(): Passing null to parameter #2 ($replace) of type array|string is deprecated in C:\wamp64\www\MarcCaloriesBackend\app\Config\Http\Validation.php on line 76
[28-May-2025 21:29:56 America/Bogota] PHP Stack trace:
[28-May-2025 21:29:56 America/Bogota] PHP   1. {main}() C:\wamp64\www\MarcCaloriesBackend\index.php:0
[28-May-2025 21:29:56 America/Bogota] PHP   2. App\Config\App::initConfig() C:\wamp64\www\MarcCaloriesBackend\index.php:7
[28-May-2025 21:29:56 America/Bogota] PHP   3. App\Config\Http\Router->resolver() C:\wamp64\www\MarcCaloriesBackend\app\Config\App.php:28
[28-May-2025 21:29:56 America/Bogota] PHP   4. call_user_func_array:{C:\wamp64\www\MarcCaloriesBackend\app\Config\Http\Router.php:70}($callback = [0 => class App\Controllers\UsuarioController { protected App\Config\Http\Request $request = class App\Config\Http\Request { ... }; protected App\Config\Http\Response $response = class App\Config\Http\Response { ... }; protected App\Config\Http\Validation $validation = class App\Config\Http\Validation { ... } }, 1 => 'save'], $args = [0 => class App\Config\Http\Request { public string $method = 'POST'; public array $query = [...]; public array $body = [...]; public array $files = [...] }]) C:\wamp64\www\MarcCaloriesBackend\app\Config\Http\Router.php:70
[28-May-2025 21:29:56 America/Bogota] PHP   5. App\Controllers\UsuarioController->save($request = class App\Config\Http\Request { public string $method = 'POST'; public array $query = ['route' => 'api/usuario/save']; public array $body = ['usuario_email' => 'mcerquera@marcsoft.com.co']; public array $files = [] }) C:\wamp64\www\MarcCaloriesBackend\app\Config\Http\Router.php:70
[28-May-2025 21:29:56 America/Bogota] PHP   6. App\Config\Http\Validation->validate($request = class App\Config\Http\Request { public string $method = 'POST'; public array $query = ['route' => 'api/usuario/save']; public array $body = ['usuario_email' => 'mcerquera@marcsoft.com.co']; public array $files = [] }, $rules = ['usuario_perfil' => 'required|numeric', 'usuario_email' => 'required|valid_email']) C:\wamp64\www\MarcCaloriesBackend\app\Controllers\UsuarioController.php:11
[28-May-2025 21:29:56 America/Bogota] PHP   7. App\Config\Http\Validation->validateRule($rule = 'numeric', $field = 'usuario_perfil', $values = ['value' => NULL, 'param' => NULL]) C:\wamp64\www\MarcCaloriesBackend\app\Config\Http\Validation.php:54
[28-May-2025 21:29:56 America/Bogota] PHP   8. str_replace($search = ':param', $replace = NULL, $subject = 'Debe ser un dato numerico') C:\wamp64\www\MarcCaloriesBackend\app\Config\Http\Validation.php:76
[28-May-2025 21:30:06 America/Bogota] PHP Deprecated:  str_replace(): Passing null to parameter #2 ($replace) of type array|string is deprecated in C:\wamp64\www\MarcCaloriesBackend\app\Config\Http\Validation.php on line 76
[28-May-2025 21:30:06 America/Bogota] PHP Stack trace:
[28-May-2025 21:30:06 America/Bogota] PHP   1. {main}() C:\wamp64\www\MarcCaloriesBackend\index.php:0
[28-May-2025 21:30:06 America/Bogota] PHP   2. App\Config\App::initConfig() C:\wamp64\www\MarcCaloriesBackend\index.php:7
[28-May-2025 21:30:06 America/Bogota] PHP   3. App\Config\Http\Router->resolver() C:\wamp64\www\MarcCaloriesBackend\app\Config\App.php:28
[28-May-2025 21:30:06 America/Bogota] PHP   4. call_user_func_array:{C:\wamp64\www\MarcCaloriesBackend\app\Config\Http\Router.php:70}($callback = [0 => class App\Controllers\UsuarioController { protected App\Config\Http\Request $request = class App\Config\Http\Request { ... }; protected App\Config\Http\Response $response = class App\Config\Http\Response { ... }; protected App\Config\Http\Validation $validation = class App\Config\Http\Validation { ... } }, 1 => 'save'], $args = [0 => class App\Config\Http\Request { public string $method = 'POST'; public array $query = [...]; public array $body = [...]; public array $files = [...] }]) C:\wamp64\www\MarcCaloriesBackend\app\Config\Http\Router.php:70
[28-May-2025 21:30:06 America/Bogota] PHP   5. App\Controllers\UsuarioController->save($request = class App\Config\Http\Request { public string $method = 'POST'; public array $query = ['route' => 'api/usuario/save']; public array $body = ['usuario_perfil' => '', 'usuario_email' => 'mcerquera@marcsoft.com.co']; public array $files = [] }) C:\wamp64\www\MarcCaloriesBackend\app\Config\Http\Router.php:70
[28-May-2025 21:30:06 America/Bogota] PHP   6. App\Config\Http\Validation->validate($request = class App\Config\Http\Request { public string $method = 'POST'; public array $query = ['route' => 'api/usuario/save']; public array $body = ['usuario_perfil' => '', 'usuario_email' => 'mcerquera@marcsoft.com.co']; public array $files = [] }, $rules = ['usuario_perfil' => 'required|numeric', 'usuario_email' => 'required|valid_email']) C:\wamp64\www\MarcCaloriesBackend\app\Controllers\UsuarioController.php:11
[28-May-2025 21:30:06 America/Bogota] PHP   7. App\Config\Http\Validation->validateRule($rule = 'required', $field = 'usuario_perfil', $values = ['value' => '', 'param' => NULL]) C:\wamp64\www\MarcCaloriesBackend\app\Config\Http\Validation.php:54
[28-May-2025 21:30:07 America/Bogota] PHP   8. str_replace($search = ':param', $replace = NULL, $subject = 'Este campo es obligatorio') C:\wamp64\www\MarcCaloriesBackend\app\Config\Http\Validation.php:76
[28-May-2025 21:30:07 America/Bogota] PHP Deprecated:  str_replace(): Passing null to parameter #2 ($replace) of type array|string is deprecated in C:\wamp64\www\MarcCaloriesBackend\app\Config\Http\Validation.php on line 76
[28-May-2025 21:30:07 America/Bogota] PHP Stack trace:
[28-May-2025 21:30:07 America/Bogota] PHP   1. {main}() C:\wamp64\www\MarcCaloriesBackend\index.php:0
[28-May-2025 21:30:07 America/Bogota] PHP   2. App\Config\App::initConfig() C:\wamp64\www\MarcCaloriesBackend\index.php:7
[28-May-2025 21:30:07 America/Bogota] PHP   3. App\Config\Http\Router->resolver() C:\wamp64\www\MarcCaloriesBackend\app\Config\App.php:28
[28-May-2025 21:30:07 America/Bogota] PHP   4. call_user_func_array:{C:\wamp64\www\MarcCaloriesBackend\app\Config\Http\Router.php:70}($callback = [0 => class App\Controllers\UsuarioController { protected App\Config\Http\Request $request = class App\Config\Http\Request { ... }; protected App\Config\Http\Response $response = class App\Config\Http\Response { ... }; protected App\Config\Http\Validation $validation = class App\Config\Http\Validation { ... } }, 1 => 'save'], $args = [0 => class App\Config\Http\Request { public string $method = 'POST'; public array $query = [...]; public array $body = [...]; public array $files = [...] }]) C:\wamp64\www\MarcCaloriesBackend\app\Config\Http\Router.php:70
[28-May-2025 21:30:07 America/Bogota] PHP   5. App\Controllers\UsuarioController->save($request = class App\Config\Http\Request { public string $method = 'POST'; public array $query = ['route' => 'api/usuario/save']; public array $body = ['usuario_perfil' => '', 'usuario_email' => 'mcerquera@marcsoft.com.co']; public array $files = [] }) C:\wamp64\www\MarcCaloriesBackend\app\Config\Http\Router.php:70
[28-May-2025 21:30:07 America/Bogota] PHP   6. App\Config\Http\Validation->validate($request = class App\Config\Http\Request { public string $method = 'POST'; public array $query = ['route' => 'api/usuario/save']; public array $body = ['usuario_perfil' => '', 'usuario_email' => 'mcerquera@marcsoft.com.co']; public array $files = [] }, $rules = ['usuario_perfil' => 'required|numeric', 'usuario_email' => 'required|valid_email']) C:\wamp64\www\MarcCaloriesBackend\app\Controllers\UsuarioController.php:11
[28-May-2025 21:30:07 America/Bogota] PHP   7. App\Config\Http\Validation->validateRule($rule = 'numeric', $field = 'usuario_perfil', $values = ['value' => '', 'param' => NULL]) C:\wamp64\www\MarcCaloriesBackend\app\Config\Http\Validation.php:54
[28-May-2025 21:30:07 America/Bogota] PHP   8. str_replace($search = ':param', $replace = NULL, $subject = 'Debe ser un dato numerico') C:\wamp64\www\MarcCaloriesBackend\app\Config\Http\Validation.php:76
[28-May-2025 21:30:13 America/Bogota] PHP Deprecated:  str_replace(): Passing null to parameter #2 ($replace) of type array|string is deprecated in C:\wamp64\www\MarcCaloriesBackend\app\Config\Http\Validation.php on line 76
[28-May-2025 21:30:13 America/Bogota] PHP Stack trace:
[28-May-2025 21:30:13 America/Bogota] PHP   1. {main}() C:\wamp64\www\MarcCaloriesBackend\index.php:0
[28-May-2025 21:30:13 America/Bogota] PHP   2. App\Config\App::initConfig() C:\wamp64\www\MarcCaloriesBackend\index.php:7
[28-May-2025 21:30:13 America/Bogota] PHP   3. App\Config\Http\Router->resolver() C:\wamp64\www\MarcCaloriesBackend\app\Config\App.php:28
[28-May-2025 21:30:13 America/Bogota] PHP   4. call_user_func_array:{C:\wamp64\www\MarcCaloriesBackend\app\Config\Http\Router.php:70}($callback = [0 => class App\Controllers\UsuarioController { protected App\Config\Http\Request $request = class App\Config\Http\Request { ... }; protected App\Config\Http\Response $response = class App\Config\Http\Response { ... }; protected App\Config\Http\Validation $validation = class App\Config\Http\Validation { ... } }, 1 => 'save'], $args = [0 => class App\Config\Http\Request { public string $method = 'POST'; public array $query = [...]; public array $body = [...]; public array $files = [...] }]) C:\wamp64\www\MarcCaloriesBackend\app\Config\Http\Router.php:70
[28-May-2025 21:30:13 America/Bogota] PHP   5. App\Controllers\UsuarioController->save($request = class App\Config\Http\Request { public string $method = 'POST'; public array $query = ['route' => 'api/usuario/save']; public array $body = ['usuario_email' => 'mcerquera@marcsoft.com.co']; public array $files = [] }) C:\wamp64\www\MarcCaloriesBackend\app\Config\Http\Router.php:70
[28-May-2025 21:30:13 America/Bogota] PHP   6. App\Config\Http\Validation->validate($request = class App\Config\Http\Request { public string $method = 'POST'; public array $query = ['route' => 'api/usuario/save']; public array $body = ['usuario_email' => 'mcerquera@marcsoft.com.co']; public array $files = [] }, $rules = ['usuario_perfil' => 'required|numeric', 'usuario_email' => 'required|valid_email']) C:\wamp64\www\MarcCaloriesBackend\app\Controllers\UsuarioController.php:11
[28-May-2025 21:30:13 America/Bogota] PHP   7. App\Config\Http\Validation->validateRule($rule = 'required', $field = 'usuario_perfil', $values = ['value' => NULL, 'param' => NULL]) C:\wamp64\www\MarcCaloriesBackend\app\Config\Http\Validation.php:54
[28-May-2025 21:30:13 America/Bogota] PHP   8. str_replace($search = ':param', $replace = NULL, $subject = 'Este campo es obligatorio') C:\wamp64\www\MarcCaloriesBackend\app\Config\Http\Validation.php:76
[28-May-2025 21:30:13 America/Bogota] PHP Deprecated:  str_replace(): Passing null to parameter #2 ($replace) of type array|string is deprecated in C:\wamp64\www\MarcCaloriesBackend\app\Config\Http\Validation.php on line 76
[28-May-2025 21:30:13 America/Bogota] PHP Stack trace:
[28-May-2025 21:30:13 America/Bogota] PHP   1. {main}() C:\wamp64\www\MarcCaloriesBackend\index.php:0
[28-May-2025 21:30:13 America/Bogota] PHP   2. App\Config\App::initConfig() C:\wamp64\www\MarcCaloriesBackend\index.php:7
[28-May-2025 21:30:13 America/Bogota] PHP   3. App\Config\Http\Router->resolver() C:\wamp64\www\MarcCaloriesBackend\app\Config\App.php:28
[28-May-2025 21:30:13 America/Bogota] PHP   4. call_user_func_array:{C:\wamp64\www\MarcCaloriesBackend\app\Config\Http\Router.php:70}($callback = [0 => class App\Controllers\UsuarioController { protected App\Config\Http\Request $request = class App\Config\Http\Request { ... }; protected App\Config\Http\Response $response = class App\Config\Http\Response { ... }; protected App\Config\Http\Validation $validation = class App\Config\Http\Validation { ... } }, 1 => 'save'], $args = [0 => class App\Config\Http\Request { public string $method = 'POST'; public array $query = [...]; public array $body = [...]; public array $files = [...] }]) C:\wamp64\www\MarcCaloriesBackend\app\Config\Http\Router.php:70
[28-May-2025 21:30:13 America/Bogota] PHP   5. App\Controllers\UsuarioController->save($request = class App\Config\Http\Request { public string $method = 'POST'; public array $query = ['route' => 'api/usuario/save']; public array $body = ['usuario_email' => 'mcerquera@marcsoft.com.co']; public array $files = [] }) C:\wamp64\www\MarcCaloriesBackend\app\Config\Http\Router.php:70
[28-May-2025 21:30:13 America/Bogota] PHP   6. App\Config\Http\Validation->validate($request = class App\Config\Http\Request { public string $method = 'POST'; public array $query = ['route' => 'api/usuario/save']; public array $body = ['usuario_email' => 'mcerquera@marcsoft.com.co']; public array $files = [] }, $rules = ['usuario_perfil' => 'required|numeric', 'usuario_email' => 'required|valid_email']) C:\wamp64\www\MarcCaloriesBackend\app\Controllers\UsuarioController.php:11
[28-May-2025 21:30:13 America/Bogota] PHP   7. App\Config\Http\Validation->validateRule($rule = 'numeric', $field = 'usuario_perfil', $values = ['value' => NULL, 'param' => NULL]) C:\wamp64\www\MarcCaloriesBackend\app\Config\Http\Validation.php:54
[28-May-2025 21:30:13 America/Bogota] PHP   8. str_replace($search = ':param', $replace = NULL, $subject = 'Debe ser un dato numerico') C:\wamp64\www\MarcCaloriesBackend\app\Config\Http\Validation.php:76
[28-May-2025 21:35:03 America/Bogota] PHP Deprecated:  str_replace(): Passing null to parameter #2 ($replace) of type array|string is deprecated in C:\wamp64\www\MarcCaloriesBackend\app\Config\Http\Validation.php on line 76
[28-May-2025 21:35:03 America/Bogota] PHP Stack trace:
[28-May-2025 21:35:03 America/Bogota] PHP   1. {main}() C:\wamp64\www\MarcCaloriesBackend\index.php:0
[28-May-2025 21:35:03 America/Bogota] PHP   2. App\Config\App::initConfig() C:\wamp64\www\MarcCaloriesBackend\index.php:7
[28-May-2025 21:35:03 America/Bogota] PHP   3. App\Config\Http\Router->resolver() C:\wamp64\www\MarcCaloriesBackend\app\Config\App.php:28
[28-May-2025 21:35:03 America/Bogota] PHP   4. call_user_func_array:{C:\wamp64\www\MarcCaloriesBackend\app\Config\Http\Router.php:70}($callback = [0 => class App\Controllers\UsuarioController { protected App\Config\Http\Request $request = class App\Config\Http\Request { ... }; protected App\Config\Http\Response $response = class App\Config\Http\Response { ... }; protected App\Config\Http\Validation $validation = class App\Config\Http\Validation { ... } }, 1 => 'save'], $args = [0 => class App\Config\Http\Request { public string $method = 'POST'; public array $query = [...]; public array $body = [...]; public array $files = [...] }]) C:\wamp64\www\MarcCaloriesBackend\app\Config\Http\Router.php:70
[28-May-2025 21:35:03 America/Bogota] PHP   5. App\Controllers\UsuarioController->save($request = class App\Config\Http\Request { public string $method = 'POST'; public array $query = ['route' => 'api/usuario/save']; public array $body = ['usuario_perfil' => 1, 'usuario_email' => 'mcerquera@marcsoft.com.co']; public array $files = [] }) C:\wamp64\www\MarcCaloriesBackend\app\Config\Http\Router.php:70
[28-May-2025 21:35:03 America/Bogota] PHP   6. App\Config\Http\Validation->validate($request = class App\Config\Http\Request { public string $method = 'POST'; public array $query = ['route' => 'api/usuario/save']; public array $body = ['usuario_perfil' => 1, 'usuario_email' => 'mcerquera@marcsoft.com.co']; public array $files = [] }, $rules = ['usuario_perfil' => 'required|numeric', 'usuario_email' => 'required|valid_email|max:10']) C:\wamp64\www\MarcCaloriesBackend\app\Controllers\UsuarioController.php:11
[28-May-2025 21:35:03 America/Bogota] PHP   7. App\Config\Http\Validation->validateRule($rule = 'required', $field = 'usuario_perfil', $values = ['value' => 1, 'param' => NULL]) C:\wamp64\www\MarcCaloriesBackend\app\Config\Http\Validation.php:54
[28-May-2025 21:35:03 America/Bogota] PHP   8. str_replace($search = ':param', $replace = NULL, $subject = 'Este campo es obligatorio') C:\wamp64\www\MarcCaloriesBackend\app\Config\Http\Validation.php:76
[28-May-2025 21:35:03 America/Bogota] PHP Deprecated:  str_replace(): Passing null to parameter #2 ($replace) of type array|string is deprecated in C:\wamp64\www\MarcCaloriesBackend\app\Config\Http\Validation.php on line 76
[28-May-2025 21:35:03 America/Bogota] PHP Stack trace:
[28-May-2025 21:35:03 America/Bogota] PHP   1. {main}() C:\wamp64\www\MarcCaloriesBackend\index.php:0
[28-May-2025 21:35:03 America/Bogota] PHP   2. App\Config\App::initConfig() C:\wamp64\www\MarcCaloriesBackend\index.php:7
[28-May-2025 21:35:03 America/Bogota] PHP   3. App\Config\Http\Router->resolver() C:\wamp64\www\MarcCaloriesBackend\app\Config\App.php:28
[28-May-2025 21:35:03 America/Bogota] PHP   4. call_user_func_array:{C:\wamp64\www\MarcCaloriesBackend\app\Config\Http\Router.php:70}($callback = [0 => class App\Controllers\UsuarioController { protected App\Config\Http\Request $request = class App\Config\Http\Request { ... }; protected App\Config\Http\Response $response = class App\Config\Http\Response { ... }; protected App\Config\Http\Validation $validation = class App\Config\Http\Validation { ... } }, 1 => 'save'], $args = [0 => class App\Config\Http\Request { public string $method = 'POST'; public array $query = [...]; public array $body = [...]; public array $files = [...] }]) C:\wamp64\www\MarcCaloriesBackend\app\Config\Http\Router.php:70
[28-May-2025 21:35:03 America/Bogota] PHP   5. App\Controllers\UsuarioController->save($request = class App\Config\Http\Request { public string $method = 'POST'; public array $query = ['route' => 'api/usuario/save']; public array $body = ['usuario_perfil' => 1, 'usuario_email' => 'mcerquera@marcsoft.com.co']; public array $files = [] }) C:\wamp64\www\MarcCaloriesBackend\app\Config\Http\Router.php:70
[28-May-2025 21:35:03 America/Bogota] PHP   6. App\Config\Http\Validation->validate($request = class App\Config\Http\Request { public string $method = 'POST'; public array $query = ['route' => 'api/usuario/save']; public array $body = ['usuario_perfil' => 1, 'usuario_email' => 'mcerquera@marcsoft.com.co']; public array $files = [] }, $rules = ['usuario_perfil' => 'required|numeric', 'usuario_email' => 'required|valid_email|max:10']) C:\wamp64\www\MarcCaloriesBackend\app\Controllers\UsuarioController.php:11
[28-May-2025 21:35:03 America/Bogota] PHP   7. App\Config\Http\Validation->validateRule($rule = 'numeric', $field = 'usuario_perfil', $values = ['value' => 1, 'param' => NULL]) C:\wamp64\www\MarcCaloriesBackend\app\Config\Http\Validation.php:54
[28-May-2025 21:35:03 America/Bogota] PHP   8. str_replace($search = ':param', $replace = NULL, $subject = 'Debe ser un dato numerico') C:\wamp64\www\MarcCaloriesBackend\app\Config\Http\Validation.php:76
[28-May-2025 21:35:03 America/Bogota] PHP Deprecated:  str_replace(): Passing null to parameter #2 ($replace) of type array|string is deprecated in C:\wamp64\www\MarcCaloriesBackend\app\Config\Http\Validation.php on line 76
[28-May-2025 21:35:03 America/Bogota] PHP Stack trace:
[28-May-2025 21:35:03 America/Bogota] PHP   1. {main}() C:\wamp64\www\MarcCaloriesBackend\index.php:0
[28-May-2025 21:35:03 America/Bogota] PHP   2. App\Config\App::initConfig() C:\wamp64\www\MarcCaloriesBackend\index.php:7
[28-May-2025 21:35:03 America/Bogota] PHP   3. App\Config\Http\Router->resolver() C:\wamp64\www\MarcCaloriesBackend\app\Config\App.php:28
[28-May-2025 21:35:03 America/Bogota] PHP   4. call_user_func_array:{C:\wamp64\www\MarcCaloriesBackend\app\Config\Http\Router.php:70}($callback = [0 => class App\Controllers\UsuarioController { protected App\Config\Http\Request $request = class App\Config\Http\Request { ... }; protected App\Config\Http\Response $response = class App\Config\Http\Response { ... }; protected App\Config\Http\Validation $validation = class App\Config\Http\Validation { ... } }, 1 => 'save'], $args = [0 => class App\Config\Http\Request { public string $method = 'POST'; public array $query = [...]; public array $body = [...]; public array $files = [...] }]) C:\wamp64\www\MarcCaloriesBackend\app\Config\Http\Router.php:70
[28-May-2025 21:35:03 America/Bogota] PHP   5. App\Controllers\UsuarioController->save($request = class App\Config\Http\Request { public string $method = 'POST'; public array $query = ['route' => 'api/usuario/save']; public array $body = ['usuario_perfil' => 1, 'usuario_email' => 'mcerquera@marcsoft.com.co']; public array $files = [] }) C:\wamp64\www\MarcCaloriesBackend\app\Config\Http\Router.php:70
[28-May-2025 21:35:03 America/Bogota] PHP   6. App\Config\Http\Validation->validate($request = class App\Config\Http\Request { public string $method = 'POST'; public array $query = ['route' => 'api/usuario/save']; public array $body = ['usuario_perfil' => 1, 'usuario_email' => 'mcerquera@marcsoft.com.co']; public array $files = [] }, $rules = ['usuario_perfil' => 'required|numeric', 'usuario_email' => 'required|valid_email|max:10']) C:\wamp64\www\MarcCaloriesBackend\app\Controllers\UsuarioController.php:11
[28-May-2025 21:35:03 America/Bogota] PHP   7. App\Config\Http\Validation->validateRule($rule = 'required', $field = 'usuario_email', $values = ['value' => 'mcerquera@marcsoft.com.co', 'param' => NULL]) C:\wamp64\www\MarcCaloriesBackend\app\Config\Http\Validation.php:54
[28-May-2025 21:35:03 America/Bogota] PHP   8. str_replace($search = ':param', $replace = NULL, $subject = 'Este campo es obligatorio') C:\wamp64\www\MarcCaloriesBackend\app\Config\Http\Validation.php:76
[28-May-2025 21:35:03 America/Bogota] PHP Deprecated:  str_replace(): Passing null to parameter #2 ($replace) of type array|string is deprecated in C:\wamp64\www\MarcCaloriesBackend\app\Config\Http\Validation.php on line 76
[28-May-2025 21:35:03 America/Bogota] PHP Stack trace:
[28-May-2025 21:35:03 America/Bogota] PHP   1. {main}() C:\wamp64\www\MarcCaloriesBackend\index.php:0
[28-May-2025 21:35:03 America/Bogota] PHP   2. App\Config\App::initConfig() C:\wamp64\www\MarcCaloriesBackend\index.php:7
[28-May-2025 21:35:03 America/Bogota] PHP   3. App\Config\Http\Router->resolver() C:\wamp64\www\MarcCaloriesBackend\app\Config\App.php:28
[28-May-2025 21:35:03 America/Bogota] PHP   4. call_user_func_array:{C:\wamp64\www\MarcCaloriesBackend\app\Config\Http\Router.php:70}($callback = [0 => class App\Controllers\UsuarioController { protected App\Config\Http\Request $request = class App\Config\Http\Request { ... }; protected App\Config\Http\Response $response = class App\Config\Http\Response { ... }; protected App\Config\Http\Validation $validation = class App\Config\Http\Validation { ... } }, 1 => 'save'], $args = [0 => class App\Config\Http\Request { public string $method = 'POST'; public array $query = [...]; public array $body = [...]; public array $files = [...] }]) C:\wamp64\www\MarcCaloriesBackend\app\Config\Http\Router.php:70
[28-May-2025 21:35:03 America/Bogota] PHP   5. App\Controllers\UsuarioController->save($request = class App\Config\Http\Request { public string $method = 'POST'; public array $query = ['route' => 'api/usuario/save']; public array $body = ['usuario_perfil' => 1, 'usuario_email' => 'mcerquera@marcsoft.com.co']; public array $files = [] }) C:\wamp64\www\MarcCaloriesBackend\app\Config\Http\Router.php:70
[28-May-2025 21:35:03 America/Bogota] PHP   6. App\Config\Http\Validation->validate($request = class App\Config\Http\Request { public string $method = 'POST'; public array $query = ['route' => 'api/usuario/save']; public array $body = ['usuario_perfil' => 1, 'usuario_email' => 'mcerquera@marcsoft.com.co']; public array $files = [] }, $rules = ['usuario_perfil' => 'required|numeric', 'usuario_email' => 'required|valid_email|max:10']) C:\wamp64\www\MarcCaloriesBackend\app\Controllers\UsuarioController.php:11
[28-May-2025 21:35:03 America/Bogota] PHP   7. App\Config\Http\Validation->validateRule($rule = 'valid_email', $field = 'usuario_email', $values = ['value' => 'mcerquera@marcsoft.com.co', 'param' => NULL]) C:\wamp64\www\MarcCaloriesBackend\app\Config\Http\Validation.php:54
[28-May-2025 21:35:03 America/Bogota] PHP   8. str_replace($search = ':param', $replace = NULL, $subject = 'Debe ser un correo electr칩nico v치lido') C:\wamp64\www\MarcCaloriesBackend\app\Config\Http\Validation.php:76
[28-May-2025 21:38:32 America/Bogota] PHP Deprecated:  str_replace(): Passing null to parameter #2 ($replace) of type array|string is deprecated in C:\wamp64\www\MarcCaloriesBackend\app\Config\Http\Validation.php on line 76
[28-May-2025 21:38:32 America/Bogota] PHP Stack trace:
[28-May-2025 21:38:32 America/Bogota] PHP   1. {main}() C:\wamp64\www\MarcCaloriesBackend\index.php:0
[28-May-2025 21:38:32 America/Bogota] PHP   2. App\Config\App::initConfig() C:\wamp64\www\MarcCaloriesBackend\index.php:7
[28-May-2025 21:38:32 America/Bogota] PHP   3. App\Config\Http\Router->resolver() C:\wamp64\www\MarcCaloriesBackend\app\Config\App.php:28
[28-May-2025 21:38:32 America/Bogota] PHP   4. call_user_func_array:{C:\wamp64\www\MarcCaloriesBackend\app\Config\Http\Router.php:70}($callback = [0 => class App\Controllers\UsuarioController { protected App\Config\Http\Request $request = class App\Config\Http\Request { ... }; protected App\Config\Http\Response $response = class App\Config\Http\Response { ... }; protected App\Config\Http\Validation $validation = class App\Config\Http\Validation { ... } }, 1 => 'save'], $args = [0 => class App\Config\Http\Request { public string $method = 'POST'; public array $query = [...]; public array $body = [...]; public array $files = [...] }]) C:\wamp64\www\MarcCaloriesBackend\app\Config\Http\Router.php:70
[28-May-2025 21:38:32 America/Bogota] PHP   5. App\Controllers\UsuarioController->save($request = class App\Config\Http\Request { public string $method = 'POST'; public array $query = ['route' => 'api/usuario/save']; public array $body = ['usuario_email' => 'mcerquera@marcsoft.com.co']; public array $files = [] }) C:\wamp64\www\MarcCaloriesBackend\app\Config\Http\Router.php:70
[28-May-2025 21:38:32 America/Bogota] PHP   6. App\Config\Http\Validation->validate($request = class App\Config\Http\Request { public string $method = 'POST'; public array $query = ['route' => 'api/usuario/save']; public array $body = ['usuario_email' => 'mcerquera@marcsoft.com.co']; public array $files = [] }, $rules = ['usuario_perfil' => 'required|numeric', 'usuario_email' => 'required|valid_email']) C:\wamp64\www\MarcCaloriesBackend\app\Controllers\UsuarioController.php:11
[28-May-2025 21:38:32 America/Bogota] PHP   7. App\Config\Http\Validation->validateRule($rule = 'required', $field = 'usuario_perfil', $values = ['value' => NULL, 'param' => NULL]) C:\wamp64\www\MarcCaloriesBackend\app\Config\Http\Validation.php:54
[28-May-2025 21:38:32 America/Bogota] PHP   8. str_replace($search = ':param', $replace = NULL, $subject = 'Este campo es obligatorio') C:\wamp64\www\MarcCaloriesBackend\app\Config\Http\Validation.php:76
[28-May-2025 21:38:32 America/Bogota] PHP Deprecated:  str_replace(): Passing null to parameter #2 ($replace) of type array|string is deprecated in C:\wamp64\www\MarcCaloriesBackend\app\Config\Http\Validation.php on line 76
[28-May-2025 21:38:32 America/Bogota] PHP Stack trace:
[28-May-2025 21:38:32 America/Bogota] PHP   1. {main}() C:\wamp64\www\MarcCaloriesBackend\index.php:0
[28-May-2025 21:38:32 America/Bogota] PHP   2. App\Config\App::initConfig() C:\wamp64\www\MarcCaloriesBackend\index.php:7
[28-May-2025 21:38:32 America/Bogota] PHP   3. App\Config\Http\Router->resolver() C:\wamp64\www\MarcCaloriesBackend\app\Config\App.php:28
[28-May-2025 21:38:32 America/Bogota] PHP   4. call_user_func_array:{C:\wamp64\www\MarcCaloriesBackend\app\Config\Http\Router.php:70}($callback = [0 => class App\Controllers\UsuarioController { protected App\Config\Http\Request $request = class App\Config\Http\Request { ... }; protected App\Config\Http\Response $response = class App\Config\Http\Response { ... }; protected App\Config\Http\Validation $validation = class App\Config\Http\Validation { ... } }, 1 => 'save'], $args = [0 => class App\Config\Http\Request { public string $method = 'POST'; public array $query = [...]; public array $body = [...]; public array $files = [...] }]) C:\wamp64\www\MarcCaloriesBackend\app\Config\Http\Router.php:70
[28-May-2025 21:38:32 America/Bogota] PHP   5. App\Controllers\UsuarioController->save($request = class App\Config\Http\Request { public string $method = 'POST'; public array $query = ['route' => 'api/usuario/save']; public array $body = ['usuario_email' => 'mcerquera@marcsoft.com.co']; public array $files = [] }) C:\wamp64\www\MarcCaloriesBackend\app\Config\Http\Router.php:70
[28-May-2025 21:38:32 America/Bogota] PHP   6. App\Config\Http\Validation->validate($request = class App\Config\Http\Request { public string $method = 'POST'; public array $query = ['route' => 'api/usuario/save']; public array $body = ['usuario_email' => 'mcerquera@marcsoft.com.co']; public array $files = [] }, $rules = ['usuario_perfil' => 'required|numeric', 'usuario_email' => 'required|valid_email']) C:\wamp64\www\MarcCaloriesBackend\app\Controllers\UsuarioController.php:11
[28-May-2025 21:38:32 America/Bogota] PHP   7. App\Config\Http\Validation->validateRule($rule = 'numeric', $field = 'usuario_perfil', $values = ['value' => NULL, 'param' => NULL]) C:\wamp64\www\MarcCaloriesBackend\app\Config\Http\Validation.php:54
[28-May-2025 21:38:32 America/Bogota] PHP   8. str_replace($search = ':param', $replace = NULL, $subject = 'Debe ser un dato numerico') C:\wamp64\www\MarcCaloriesBackend\app\Config\Http\Validation.php:76
[28-May-2025 21:38:41 America/Bogota] PHP Deprecated:  str_replace(): Passing null to parameter #2 ($replace) of type array|string is deprecated in C:\wamp64\www\MarcCaloriesBackend\app\Config\Http\Validation.php on line 76
[28-May-2025 21:38:41 America/Bogota] PHP Stack trace:
[28-May-2025 21:38:41 America/Bogota] PHP   1. {main}() C:\wamp64\www\MarcCaloriesBackend\index.php:0
[28-May-2025 21:38:41 America/Bogota] PHP   2. App\Config\App::initConfig() C:\wamp64\www\MarcCaloriesBackend\index.php:7
[28-May-2025 21:38:41 America/Bogota] PHP   3. App\Config\Http\Router->resolver() C:\wamp64\www\MarcCaloriesBackend\app\Config\App.php:28
[28-May-2025 21:38:41 America/Bogota] PHP   4. call_user_func_array:{C:\wamp64\www\MarcCaloriesBackend\app\Config\Http\Router.php:70}($callback = [0 => class App\Controllers\UsuarioController { protected App\Config\Http\Request $request = class App\Config\Http\Request { ... }; protected App\Config\Http\Response $response = class App\Config\Http\Response { ... }; protected App\Config\Http\Validation $validation = class App\Config\Http\Validation { ... } }, 1 => 'save'], $args = [0 => class App\Config\Http\Request { public string $method = 'POST'; public array $query = [...]; public array $body = [...]; public array $files = [...] }]) C:\wamp64\www\MarcCaloriesBackend\app\Config\Http\Router.php:70
[28-May-2025 21:38:41 America/Bogota] PHP   5. App\Controllers\UsuarioController->save($request = class App\Config\Http\Request { public string $method = 'POST'; public array $query = ['route' => 'api/usuario/save']; public array $body = ['usuario_perfil' => NULL, 'usuario_email' => 'mcerquera@marcsoft.com.co']; public array $files = [] }) C:\wamp64\www\MarcCaloriesBackend\app\Config\Http\Router.php:70
[28-May-2025 21:38:41 America/Bogota] PHP   6. App\Config\Http\Validation->validate($request = class App\Config\Http\Request { public string $method = 'POST'; public array $query = ['route' => 'api/usuario/save']; public array $body = ['usuario_perfil' => NULL, 'usuario_email' => 'mcerquera@marcsoft.com.co']; public array $files = [] }, $rules = ['usuario_perfil' => 'required|numeric', 'usuario_email' => 'required|valid_email']) C:\wamp64\www\MarcCaloriesBackend\app\Controllers\UsuarioController.php:11
[28-May-2025 21:38:41 America/Bogota] PHP   7. App\Config\Http\Validation->validateRule($rule = 'required', $field = 'usuario_perfil', $values = ['value' => NULL, 'param' => NULL]) C:\wamp64\www\MarcCaloriesBackend\app\Config\Http\Validation.php:54
[28-May-2025 21:38:41 America/Bogota] PHP   8. str_replace($search = ':param', $replace = NULL, $subject = 'Este campo es obligatorio') C:\wamp64\www\MarcCaloriesBackend\app\Config\Http\Validation.php:76
[28-May-2025 21:38:41 America/Bogota] PHP Deprecated:  str_replace(): Passing null to parameter #2 ($replace) of type array|string is deprecated in C:\wamp64\www\MarcCaloriesBackend\app\Config\Http\Validation.php on line 76
[28-May-2025 21:38:41 America/Bogota] PHP Stack trace:
[28-May-2025 21:38:41 America/Bogota] PHP   1. {main}() C:\wamp64\www\MarcCaloriesBackend\index.php:0
[28-May-2025 21:38:41 America/Bogota] PHP   2. App\Config\App::initConfig() C:\wamp64\www\MarcCaloriesBackend\index.php:7
[28-May-2025 21:38:41 America/Bogota] PHP   3. App\Config\Http\Router->resolver() C:\wamp64\www\MarcCaloriesBackend\app\Config\App.php:28
[28-May-2025 21:38:41 America/Bogota] PHP   4. call_user_func_array:{C:\wamp64\www\MarcCaloriesBackend\app\Config\Http\Router.php:70}($callback = [0 => class App\Controllers\UsuarioController { protected App\Config\Http\Request $request = class App\Config\Http\Request { ... }; protected App\Config\Http\Response $response = class App\Config\Http\Response { ... }; protected App\Config\Http\Validation $validation = class App\Config\Http\Validation { ... } }, 1 => 'save'], $args = [0 => class App\Config\Http\Request { public string $method = 'POST'; public array $query = [...]; public array $body = [...]; public array $files = [...] }]) C:\wamp64\www\MarcCaloriesBackend\app\Config\Http\Router.php:70
[28-May-2025 21:38:41 America/Bogota] PHP   5. App\Controllers\UsuarioController->save($request = class App\Config\Http\Request { public string $method = 'POST'; public array $query = ['route' => 'api/usuario/save']; public array $body = ['usuario_perfil' => NULL, 'usuario_email' => 'mcerquera@marcsoft.com.co']; public array $files = [] }) C:\wamp64\www\MarcCaloriesBackend\app\Config\Http\Router.php:70
[28-May-2025 21:38:41 America/Bogota] PHP   6. App\Config\Http\Validation->validate($request = class App\Config\Http\Request { public string $method = 'POST'; public array $query = ['route' => 'api/usuario/save']; public array $body = ['usuario_perfil' => NULL, 'usuario_email' => 'mcerquera@marcsoft.com.co']; public array $files = [] }, $rules = ['usuario_perfil' => 'required|numeric', 'usuario_email' => 'required|valid_email']) C:\wamp64\www\MarcCaloriesBackend\app\Controllers\UsuarioController.php:11
[28-May-2025 21:38:41 America/Bogota] PHP   7. App\Config\Http\Validation->validateRule($rule = 'numeric', $field = 'usuario_perfil', $values = ['value' => NULL, 'param' => NULL]) C:\wamp64\www\MarcCaloriesBackend\app\Config\Http\Validation.php:54
[28-May-2025 21:38:41 America/Bogota] PHP   8. str_replace($search = ':param', $replace = NULL, $subject = 'Debe ser un dato numerico') C:\wamp64\www\MarcCaloriesBackend\app\Config\Http\Validation.php:76
[28-May-2025 21:38:46 America/Bogota] PHP Deprecated:  str_replace(): Passing null to parameter #2 ($replace) of type array|string is deprecated in C:\wamp64\www\MarcCaloriesBackend\app\Config\Http\Validation.php on line 76
[28-May-2025 21:38:46 America/Bogota] PHP Stack trace:
[28-May-2025 21:38:46 America/Bogota] PHP   1. {main}() C:\wamp64\www\MarcCaloriesBackend\index.php:0
[28-May-2025 21:38:46 America/Bogota] PHP   2. App\Config\App::initConfig() C:\wamp64\www\MarcCaloriesBackend\index.php:7
[28-May-2025 21:38:46 America/Bogota] PHP   3. App\Config\Http\Router->resolver() C:\wamp64\www\MarcCaloriesBackend\app\Config\App.php:28
[28-May-2025 21:38:46 America/Bogota] PHP   4. call_user_func_array:{C:\wamp64\www\MarcCaloriesBackend\app\Config\Http\Router.php:70}($callback = [0 => class App\Controllers\UsuarioController { protected App\Config\Http\Request $request = class App\Config\Http\Request { ... }; protected App\Config\Http\Response $response = class App\Config\Http\Response { ... }; protected App\Config\Http\Validation $validation = class App\Config\Http\Validation { ... } }, 1 => 'save'], $args = [0 => class App\Config\Http\Request { public string $method = 'POST'; public array $query = [...]; public array $body = [...]; public array $files = [...] }]) C:\wamp64\www\MarcCaloriesBackend\app\Config\Http\Router.php:70
[28-May-2025 21:38:46 America/Bogota] PHP   5. App\Controllers\UsuarioController->save($request = class App\Config\Http\Request { public string $method = 'POST'; public array $query = ['route' => 'api/usuario/save']; public array $body = ['usuario_perfil' => '', 'usuario_email' => 'mcerquera@marcsoft.com.co']; public array $files = [] }) C:\wamp64\www\MarcCaloriesBackend\app\Config\Http\Router.php:70
[28-May-2025 21:38:46 America/Bogota] PHP   6. App\Config\Http\Validation->validate($request = class App\Config\Http\Request { public string $method = 'POST'; public array $query = ['route' => 'api/usuario/save']; public array $body = ['usuario_perfil' => '', 'usuario_email' => 'mcerquera@marcsoft.com.co']; public array $files = [] }, $rules = ['usuario_perfil' => 'required|numeric', 'usuario_email' => 'required|valid_email']) C:\wamp64\www\MarcCaloriesBackend\app\Controllers\UsuarioController.php:11
[28-May-2025 21:38:46 America/Bogota] PHP   7. App\Config\Http\Validation->validateRule($rule = 'required', $field = 'usuario_perfil', $values = ['value' => '', 'param' => NULL]) C:\wamp64\www\MarcCaloriesBackend\app\Config\Http\Validation.php:54
[28-May-2025 21:38:46 America/Bogota] PHP   8. str_replace($search = ':param', $replace = NULL, $subject = 'Este campo es obligatorio') C:\wamp64\www\MarcCaloriesBackend\app\Config\Http\Validation.php:76
[28-May-2025 21:38:46 America/Bogota] PHP Deprecated:  str_replace(): Passing null to parameter #2 ($replace) of type array|string is deprecated in C:\wamp64\www\MarcCaloriesBackend\app\Config\Http\Validation.php on line 76
[28-May-2025 21:38:46 America/Bogota] PHP Stack trace:
[28-May-2025 21:38:46 America/Bogota] PHP   1. {main}() C:\wamp64\www\MarcCaloriesBackend\index.php:0
[28-May-2025 21:38:46 America/Bogota] PHP   2. App\Config\App::initConfig() C:\wamp64\www\MarcCaloriesBackend\index.php:7
[28-May-2025 21:38:46 America/Bogota] PHP   3. App\Config\Http\Router->resolver() C:\wamp64\www\MarcCaloriesBackend\app\Config\App.php:28
[28-May-2025 21:38:46 America/Bogota] PHP   4. call_user_func_array:{C:\wamp64\www\MarcCaloriesBackend\app\Config\Http\Router.php:70}($callback = [0 => class App\Controllers\UsuarioController { protected App\Config\Http\Request $request = class App\Config\Http\Request { ... }; protected App\Config\Http\Response $response = class App\Config\Http\Response { ... }; protected App\Config\Http\Validation $validation = class App\Config\Http\Validation { ... } }, 1 => 'save'], $args = [0 => class App\Config\Http\Request { public string $method = 'POST'; public array $query = [...]; public array $body = [...]; public array $files = [...] }]) C:\wamp64\www\MarcCaloriesBackend\app\Config\Http\Router.php:70
[28-May-2025 21:38:46 America/Bogota] PHP   5. App\Controllers\UsuarioController->save($request = class App\Config\Http\Request { public string $method = 'POST'; public array $query = ['route' => 'api/usuario/save']; public array $body = ['usuario_perfil' => '', 'usuario_email' => 'mcerquera@marcsoft.com.co']; public array $files = [] }) C:\wamp64\www\MarcCaloriesBackend\app\Config\Http\Router.php:70
[28-May-2025 21:38:46 America/Bogota] PHP   6. App\Config\Http\Validation->validate($request = class App\Config\Http\Request { public string $method = 'POST'; public array $query = ['route' => 'api/usuario/save']; public array $body = ['usuario_perfil' => '', 'usuario_email' => 'mcerquera@marcsoft.com.co']; public array $files = [] }, $rules = ['usuario_perfil' => 'required|numeric', 'usuario_email' => 'required|valid_email']) C:\wamp64\www\MarcCaloriesBackend\app\Controllers\UsuarioController.php:11
[28-May-2025 21:38:46 America/Bogota] PHP   7. App\Config\Http\Validation->validateRule($rule = 'numeric', $field = 'usuario_perfil', $values = ['value' => '', 'param' => NULL]) C:\wamp64\www\MarcCaloriesBackend\app\Config\Http\Validation.php:54
[28-May-2025 21:38:46 America/Bogota] PHP   8. str_replace($search = ':param', $replace = NULL, $subject = 'Debe ser un dato numerico') C:\wamp64\www\MarcCaloriesBackend\app\Config\Http\Validation.php:76
[28-May-2025 21:38:55 America/Bogota] PHP Deprecated:  str_replace(): Passing null to parameter #2 ($replace) of type array|string is deprecated in C:\wamp64\www\MarcCaloriesBackend\app\Config\Http\Validation.php on line 76
[28-May-2025 21:38:55 America/Bogota] PHP Stack trace:
[28-May-2025 21:38:55 America/Bogota] PHP   1. {main}() C:\wamp64\www\MarcCaloriesBackend\index.php:0
[28-May-2025 21:38:55 America/Bogota] PHP   2. App\Config\App::initConfig() C:\wamp64\www\MarcCaloriesBackend\index.php:7
[28-May-2025 21:38:55 America/Bogota] PHP   3. App\Config\Http\Router->resolver() C:\wamp64\www\MarcCaloriesBackend\app\Config\App.php:28
[28-May-2025 21:38:55 America/Bogota] PHP   4. call_user_func_array:{C:\wamp64\www\MarcCaloriesBackend\app\Config\Http\Router.php:70}($callback = [0 => class App\Controllers\UsuarioController { protected App\Config\Http\Request $request = class App\Config\Http\Request { ... }; protected App\Config\Http\Response $response = class App\Config\Http\Response { ... }; protected App\Config\Http\Validation $validation = class App\Config\Http\Validation { ... } }, 1 => 'save'], $args = [0 => class App\Config\Http\Request { public string $method = 'POST'; public array $query = [...]; public array $body = [...]; public array $files = [...] }]) C:\wamp64\www\MarcCaloriesBackend\app\Config\Http\Router.php:70
[28-May-2025 21:38:55 America/Bogota] PHP   5. App\Controllers\UsuarioController->save($request = class App\Config\Http\Request { public string $method = 'POST'; public array $query = ['route' => 'api/usuario/save']; public array $body = ['usuario_perfil' => '1A', 'usuario_email' => 'mcerquera@marcsoft.com.co']; public array $files = [] }) C:\wamp64\www\MarcCaloriesBackend\app\Config\Http\Router.php:70
[28-May-2025 21:38:55 America/Bogota] PHP   6. App\Config\Http\Validation->validate($request = class App\Config\Http\Request { public string $method = 'POST'; public array $query = ['route' => 'api/usuario/save']; public array $body = ['usuario_perfil' => '1A', 'usuario_email' => 'mcerquera@marcsoft.com.co']; public array $files = [] }, $rules = ['usuario_perfil' => 'required|numeric', 'usuario_email' => 'required|valid_email']) C:\wamp64\www\MarcCaloriesBackend\app\Controllers\UsuarioController.php:11
[28-May-2025 21:38:55 America/Bogota] PHP   7. App\Config\Http\Validation->validateRule($rule = 'numeric', $field = 'usuario_perfil', $values = ['value' => '1A', 'param' => NULL]) C:\wamp64\www\MarcCaloriesBackend\app\Config\Http\Validation.php:54
[28-May-2025 21:38:55 America/Bogota] PHP   8. str_replace($search = ':param', $replace = NULL, $subject = 'Debe ser un dato numerico') C:\wamp64\www\MarcCaloriesBackend\app\Config\Http\Validation.php:76
